[20:53:18.170] Global cache location '/home/jsns/.cache/typescript/3.9', safe file path '/usr/local/lib/node_modules/typescript/lib/typingSafeList.json', types map path /usr/local/lib/node_modules/typescript/lib/typesMap.json
[20:53:18.170] Processing cache location '/home/jsns/.cache/typescript/3.9'
[20:53:18.170] Trying to find '/home/jsns/.cache/typescript/3.9/package.json'...
[20:53:18.173] Loaded content of '/home/jsns/.cache/typescript/3.9/package.json': {"private":true,"dependencies":{"types-registry":"^0.1.495"},"devDependencies":{"@types/accepts":"^1.3.5","@types/acorn":"^4.0.5","@types/ajv-errors":"^1.0.2","@types/ajv-keywords":"^3.4.0","@types/ansi-styles":"^3.2.1","@types/anymatch":"^1.3.1","@types/argparse":"^1.0.38","@types/aria-query":"^3.0.1","@types/arr-diff":"^4.0.0","@types/arr-union":"^3.1.0","@types/array-unique":"^0.3.0","@types/array.prototype.flat":"^1.2.1","@types/asap":"^2.0.0","@types/asn1":"^0.2.0","@types/assert":"^1.5.1","@types/assert-plus":"^1.0.4","@types/async":"^3.2.3","@types/atob":"^2.1.2","@types/autoprefixer":"^9.7.2","@types/aws4":"^1.5.1","@types/babel-code-frame":"^6.20.4","@types/babel-plugin-macros":"^2.8.2","@types/babylon":"^6.16.5","@types/balanced-match":"^1.0.1","@types/base64-js":"^1.3.0","@types/big.js":"^4.0.5","@types/bluebird":"^3.5.32","@types/bn.js":"^4.11.6","@types/body-parser":"^1.19.0","@types/bonjour":"^3.5.6","@types/bootstrap":"^4.5.0","@types/brace-expansion":"^1.1.0","@types/braces":"^3.0.0","@types/brorand":"^1.0.30","@types/browser-resolve":"^1.11.0","@types/browserslist":"^4.8.0","@types/bser":"^2.0.0","@types/bson":"^4.0.2","@types/buffer-from":"^1.1.0","@types/buffer-xor":"^2.0.0","@types/bytes":"^3.1.0","@types/cacache":"^12.0.1","@types/caniuse-api":"^3.0.0","@types/caniuse-lite":"^1.0.0","@types/case-sensitive-paths-webpack-plugin":"^2.1.4","@types/caseless":"^0.12.2","@types/chardet":"^0.8.0","@types/chownr":"^1.0.0","@types/ci-info":"^2.0.0","@types/cipher-base":"^1.0.0","@types/clean-css":"^4.2.2","@types/clone-deep":"^4.0.1","@types/co":"^4.6.2","@types/color":"^3.0.1","@types/color-convert":"^1.9.0","@types/color-name":"^1.1.1","@types/color-string":"^1.5.0","@types/combined-stream":"^1.0.2","@types/common-tags":"^1.8.0","@types/commondir":"^1.0.0","@types/component-emitter":"^1.2.9","@types/compose-function":"0.0.30","@types/compressible":"^2.0.0","@types/compression":"^1.7.0","@types/concat-map":"0.0.0","@types/concat-stream":"^1.6.0","@types/confusing-browser-globals":"^1.0.0","@types/connect-history-api-fallback":"^1.3.3","@types/contains-path":"^1.0.0","@types/content-disposition":"^0.5.3","@types/content-type":"^1.1.3","@types/convert-source-map":"^1.5.1","@types/cookie":"^0.4.0","@types/cookie-signature":"^1.0.3","@types/core-js":"^2.5.3","@types/create-hash":"^1.2.2","@types/create-hmac":"^1.1.0","@types/cross-spawn":"^6.0.2","@types/css":"0.0.31","@types/css-tree":"^1.0.3","@types/cssesc":"^3.0.0","@types/cssnano":"^4.0.0","@types/csso":"^3.5.1","@types/cssom":"^0.4.1","@types/cssstyle":"^2.2.1","@types/d":"^1.0.0","@types/debug":"^4.1.5","@types/decode-uri-component":"^0.2.0","@types/deep-equal":"^1.0.1","@types/default-gateway":"^3.0.1","@types/define-properties":"^1.1.3","@types/depd":"^1.1.32","@types/destroy":"^1.0.0","@types/detect-node":"^2.0.0","@types/diffie-hellman":"^5.0.0","@types/dir-glob":"^2.0.0","@types/doctrine":"0.0.3","@types/dojo":"^1.9.43","@types/domexception":"^2.0.1","@types/domhandler":"^2.4.1","@types/domutils":"^1.7.2","@types/duplexify":"^3.6.0","@types/ee-first":"^1.1.0","@types/ejs":"^3.0.4","@types/elliptic":"^6.4.12","@types/encodeurl":"^1.0.0","@types/end-of-stream":"^1.4.0","@types/enhanced-resolve":"^3.0.6","@types/entities":"^1.1.1","@types/es-abstract":"^1.16.5","@types/es-to-primitive":"^1.2.2","@types/escape-html":"^1.0.0","@types/escodegen":"0.0.6","@types/eslint":"^7.2.0","@types/eslint-config-prettier":"^6.11.0","@types/eslint-plugin-prettier":"^3.1.0","@types/eslint-scope":"^3.7.0","@types/eslint-visitor-keys":"^1.0.0","@types/esprima":"^4.0.2","@types/esquery":"^1.0.1","@types/estraverse":"0.0.6","@types/etag":"^1.8.0","@types/events":"^3.0.0","@types/eventsource":"^1.1.2","@types/exit":"^0.1.31","@types/express":"^4.17.6","@types/extend":"^3.0.1","@types/extsprintf":"^1.4.1","@types/fast-levenshtein":"0.0.1","@types/fb-watchman":"^2.0.0","@types/file-entry-cache":"^5.0.1","@types/file-loader":"^4.2.0","@types/finalhandler":"^1.1.0","@types/find-cache-dir":"^3.2.0","@types/flat-cache":"^2.0.0","@types/flush-write-stream":"^1.0.0","@types/follow-redirects":"^1.8.0","@types/forever-agent":"^0.6.0","@types/forwarded":"^0.1.0","@types/fresh":"^0.5.0","@types/from2":"^2.3.0","@types/fs-extra":"^9.0.1","@types/function-bind":"^1.1.3","@types/get-caller-file":"^1.0.0","@types/get-value":"^3.0.1","@types/getpass":"^0.1.0","@types/gh-pages":"^2.2.0","@types/glob":"^7.1.2","@types/glob-parent":"^5.1.0","@types/glob-to-regexp":"^0.4.0","@types/global-modules":"^2.0.0","@types/global-prefix":"^3.0.0","@types/graceful-fs":"^4.1.3","@types/has":"^1.0.0","@types/has-ansi":"^3.0.0","@types/has-symbols":"^1.0.0","@types/he":"^1.1.1","@types/hosted-git-info":"^3.0.0","@types/html-encoding-sniffer":"^2.0.1","@types/html-entities":"^1.2.16","@types/html-escaper":"^3.0.0","@types/html-minifier-terser":"^5.1.0","@types/htmlparser2":"^3.10.1","@types/http-errors":"^1.6.3","@types/http-proxy":"^1.17.4","@types/http-proxy-middleware":"^0.19.3","@types/icss-utils":"^4.1.0","@types/iferr":"^1.0.2","@types/imurmurhash":"^0.1.1","@types/inherits":"0.0.30","@types/ini":"^1.3.30","@types/inquirer":"^6.5.0","@types/internal-slot":"^1.0.1","@types/invariant":"^2.2.33","@types/ip":"^1.1.0","@types/is-buffer":"^2.0.0","@types/is-callable":"^1.1.0","@types/is-ci":"^2.0.0","@types/is-date-object":"^1.0.1","@types/is-glob":"^4.0.1","@types/is-number":"^7.0.0","@types/is-promise":"^2.1.0","@types/is-regex":"^1.0.0","@types/is-typedarray":"^1.0.0","@types/is-windows":"^1.0.0","@types/isarray":"^2.0.0","@types/isexe":"^2.0.0","@types/isstream":"^0.1.0","@types/istanbul-lib-coverage":"^2.0.3","@types/istanbul-lib-instrument":"^1.7.4","@types/istanbul-lib-report":"^3.0.0","@types/istanbul-lib-source-maps":"^4.0.1","@types/istanbul-reports":"^1.1.2","@types/js-yaml":"^3.12.4","@types/jsbn":"^1.2.29","@types/jsdom":"^16.2.3","@types/jsesc":"^2.5.1","@types/json-parse-better-errors":"^1.0.0","@types/json-schema":"^7.0.5","@types/json-schema-traverse":"^0.4.0","@types/json-stable-stringify":"^1.0.32","@types/json-stringify-safe":"^5.0.0","@types/json3":"^3.3.2","@types/json5":"0.0.30","@types/jsonfile":"^6.0.0","@types/kind-of":"^6.0.0","@types/loader-runner":"^2.2.3","@types/loader-utils":"^2.0.1","@types/lodash":"^4.14.156","@types/lodash.memoize":"^4.1.6","@types/lodash.sortby":"^4.7.6","@types/lodash.template":"^4.5.0","@types/lodash.uniq":"^4.5.6","@types/lru-cache":"^5.1.0","@types/media-typer":"^1.1.0","@types/memory-fs":"^0.3.2","@types/merge-descriptors":"^1.0.1","@types/merge-stream":"^1.1.2","@types/merge2":"^1.3.0","@types/methods":"^1.1.1","@types/micromatch":"^4.0.1","@types/mime":"^2.0.2","@types/mime-db":"^1.43.0","@types/mime-types":"^2.1.0","@types/min-indent":"^1.0.0","@types/mini-css-extract-plugin":"^0.9.1","@types/minimalistic-assert":"^1.0.0","@types/minimatch":"^3.0.3","@types/minimist":"^1.2.0","@types/minipass":"^2.2.0","@types/mkdirp":"^1.0.1","@types/mongoose":"^5.7.27","@types/move-concurrently":"^1.0.2","@types/ms":"^0.7.31","@types/mute-stream":"0.0.0","@types/natural-compare":"^1.4.0","@types/negotiator":"^0.6.1","@types/next-tick":"^1.0.0","@types/nice-try":"^2.0.0","@types/node-forge":"^0.9.4","@types/node-int64":"^0.4.29","@types/node-notifier":"^6.0.1","@types/nodemon":"^1.19.0","@types/normalize-package-data":"^2.4.0","@types/normalize-path":"^3.0.0","@types/num2fraction":"^1.2.0","@types/number-is-nan":"^1.0.0","@types/object-assign":"^4.0.30","@types/object-hash":"^1.3.3","@types/object-inspect":"^1.6.1","@types/object-keys":"^1.0.1","@types/object-path":"^0.11.0","@types/object.fromentries":"^2.0.0","@types/object.getownpropertydescriptors":"^2.1.1","@types/object.pick":"^1.3.0","@types/on-finished":"^2.3.1","@types/on-headers":"^1.0.0","@types/once":"^1.4.0","@types/optimize-css-assets-webpack-plugin":"^5.0.1","@types/original":"^1.0.0","@types/os-tmpdir":"^1.0.0","@types/pako":"^1.0.1","@types/parallel-transform":"^1.1.0","@types/parse-json":"^4.0.0","@types/parse5":"^5.0.3","@types/parseurl":"^1.3.1","@types/pascalcase":"^1.0.0","@types/path-is-absolute":"^1.0.0","@types/path-is-inside":"^1.0.0","@types/path-parse":"^1.0.19","@types/pbkdf2":"^3.0.0","@types/picomatch":"^2.2.1","@types/pify":"^3.0.2","@types/postcss-calc":"^7.0.0","@types/postcss-custom-properties":"^9.1.0","@types/postcss-flexbugs-fixes":"^4.2.0","@types/postcss-load-config":"^2.0.1","@types/postcss-modules-extract-imports":"^2.0.0","@types/postcss-modules-local-by-default":"^1.2.0","@types/postcss-modules-scope":"^1.1.0","@types/postcss-modules-values":"^3.0.0","@types/postcss-safe-parser":"^4.0.0","@types/prelude-ls":"^1.1.29","@types/prettier":"^2.0.1","@types/progress":"^2.0.3","@types/promise-inflight":"^1.0.0","@types/prompts":"^2.0.8","@types/prop-types":"^15.7.3","@types/proxy-addr":"^2.0.0","@types/psl":"^1.1.0","@types/pump":"^1.1.0","@types/pumpify":"^1.4.1","@types/punycode":"^2.1.0","@types/q":"^1.5.4","@types/qs":"^6.9.3","@types/querystringify":"^2.0.0","@types/raf":"^3.4.0","@types/randombytes":"^2.0.0","@types/range-parser":"^1.2.3","@types/react":"^16.9.38","@types/react-bootstrap":"^1.0.1","@types/react-dev-utils":"^9.0.4","@types/react-dom":"^16.9.8","@types/react-is":"^16.7.1","@types/readable-stream":"^2.3.7","@types/recursive-readdir":"^2.2.0","@types/relateurl":"^0.2.28","@types/repeat-element":"^1.1.0","@types/repeat-string":"^1.6.0","@types/request":"^2.48.5","@types/request-promise-native":"^1.0.17","@types/require-directory":"^2.1.1","@types/requires-port":"^1.0.0","@types/resolve":"^1.17.1","@types/retry":"^0.12.0","@types/rimraf":"^3.0.0","@types/ripemd160":"^2.0.0","@types/rsvp":"^4.0.3","@types/safe-regex":"^1.1.2","@types/safer-buffer":"^2.1.0","@types/sane":"^2.0.0","@types/sass-loader":"^8.0.0","@types/sax":"^1.2.1","@types/scheduler":"^0.16.1","@types/semver":"^7.2.0","@types/send":"^0.14.5","@types/serialize-javascript":"^1.5.0","@types/serve-index":"^1.7.30","@types/serve-static":"^1.13.4","@types/set-value":"^2.0.0","@types/setimmediate":"^1.0.1","@types/sha.js":"^2.4.0","@types/shebang-command":"^1.2.0","@types/shell-quote":"^1.6.2","@types/signal-exit":"^3.0.0","@types/slice-ansi":"^4.0.0","@types/sockjs":"^0.3.32","@types/sockjs-client":"^1.1.1","@types/source-list-map":"^0.1.2","@types/source-map-support":"^0.5.1","@types/spdx-correct":"^2.0.0","@types/spdy":"^3.4.4","@types/sprintf":"^0.1.0","@types/sprintf-js":"^1.1.2","@types/sshpk":"^1.10.4","@types/ssri":"^7.1.0","@types/stack-utils":"^1.0.1","@types/statuses":"^1.5.0","@types/stream-each":"^1.2.0","@types/stream-shift":"^1.0.0","@types/strict-uri-encode":"^2.0.0","@types/stringify-object":"^3.3.0","@types/supports-color":"^5.3.0","@types/svg-parser":"^2.0.1","@types/svgo":"^1.3.3","@types/symbol-tree":"^3.2.1","@types/table":"^5.0.0","@types/tapable":"^1.0.6","@types/terser-webpack-plugin":"^3.0.0","@types/testing-library__jest-dom":"^5.9.1","@types/testing-library__react":"^10.0.1","@types/testing-library__user-event":"^4.1.1","@types/text-table":"^0.2.1","@types/through":"0.0.30","@types/through2":"^2.0.36","@types/timsort":"^0.3.0","@types/tmp":"^0.2.0","@types/tough-cookie":"^4.0.0","@types/type-check":"^0.3.27","@types/type-is":"^1.6.3","@types/uniq":"0.0.27","@types/universalify":"^1.0.0","@types/urix":"^0.1.0","@types/url-parse":"^1.4.3","@types/util-deprecate":"^1.0.0","@types/util.promisify":"^1.0.4","@types/utils-merge":"0.0.28","@types/uuid":"^8.0.0","@types/vary":"^1.1.0","@types/verror":"^1.10.4","@types/w3c-xmlserializer":"^2.0.1","@types/watchpack":"^1.1.5","@types/webidl-conversions":"^6.0.1","@types/webpack":"^4.41.17","@types/webpack-dev-middleware":"^3.7.1","@types/webpack-dev-server":"^3.11.0","@types/webpack-manifest-plugin":"^2.1.0","@types/webpack-sources":"^1.4.0","@types/whatwg-encoding":"^1.0.0","@types/whatwg-mimetype":"^2.1.0","@types/whatwg-url":"^8.0.0","@types/which":"^1.3.2","@types/workbox-background-sync":"^4.3.1","@types/workbox-broadcast-update":"^4.3.0","@types/workbox-build":"^5.0.0","@types/workbox-cacheable-response":"^4.3.0","@types/workbox-core":"^4.3.0","@types/workbox-expiration":"^4.3.0","@types/workbox-google-analytics":"^4.3.0","@types/workbox-navigation-preload":"^4.3.0","@types/workbox-precaching":"^4.3.0","@types/workbox-range-requests":"^4.3.0","@types/workbox-routing":"^4.3.0","@types/workbox-strategies":"^4.3.0","@types/workbox-streams":"^4.3.0","@types/workbox-sw":"^4.3.1","@types/workbox-webpack-plugin":"^5.1.1","@types/workbox-window":"^4.3.3","@types/wrap-ansi":"^3.0.0","@types/write":"^2.0.0","@types/write-file-atomic":"^3.0.0","@types/ws":"^7.2.5","@types/xregexp":"^4.3.0","@types/xtend":"^4.0.3","@types/y18n":"^4.0.0","@types/yallist":"^3.0.1","@types/yargs":"^15.0.5","@types/yargs-parser":"^15.0.0"}}
[20:53:18.173] Loaded content of '/home/jsns/.cache/typescript/3.9/package-lock.json'
[20:53:18.182] Adding entry into typings cache: 'accepts' => '/home/jsns/.cache/typescript/3.9/node_modules/@types/accepts/index.d.ts'
[20:53:18.184] Adding entry into typings cache: 'acorn' => '/home/jsns/.cache/typescript/3.9/node_modules/@types/acorn/index.d.ts'
[20:53:18.186] Adding entry into typings cache: 'ajv-errors' => '/home/jsns/.cache/typescript/3.9/node_modules/@types/ajv-errors/index.d.ts'
[20:53:18.189] Adding entry into typings cache: 'ajv-keywords' => '/home/jsns/.cache/typescript/3.9/node_modules/@types/ajv-keywords/index.d.ts'
[20:53:18.192] Adding entry into typings cache: 'ansi-styles' => '/home/jsns/.cache/typescript/3.9/node_modules/ansi-styles/index.d.ts'
[20:53:18.195] Adding entry into typings cache: 'anymatch' => '/home/jsns/.cache/typescript/3.9/node_modules/@types/anymatch/index.d.ts'
[20:53:18.197] Adding entry into typings cache: 'argparse' => '/home/jsns/.cache/typescript/3.9/node_modules/@types/argparse/index.d.ts'
[20:53:18.199] Adding entry into typings cache: 'aria-query' => '/home/jsns/.cache/typescript/3.9/node_modules/@types/aria-query/index.d.ts'
[20:53:18.204] Adding entry into typings cache: 'arr-diff' => '/home/jsns/.cache/typescript/3.9/node_modules/@types/arr-diff/index.d.ts'
[20:53:18.208] Adding entry into typings cache: 'arr-union' => '/home/jsns/.cache/typescript/3.9/node_modules/@types/arr-union/index.d.ts'
[20:53:18.212] Adding entry into typings cache: 'array-unique' => '/home/jsns/.cache/typescript/3.9/node_modules/@types/array-unique/index.d.ts'
[20:53:18.215] Adding entry into typings cache: 'array.prototype.flat' => '/home/jsns/.cache/typescript/3.9/node_modules/@types/array.prototype.flat/index.d.ts'
[20:53:18.216] Adding entry into typings cache: 'asap' => '/home/jsns/.cache/typescript/3.9/node_modules/@types/asap/index.d.ts'
[20:53:18.218] Adding entry into typings cache: 'asn1' => '/home/jsns/.cache/typescript/3.9/node_modules/@types/asn1/index.d.ts'
[20:53:18.221] Adding entry into typings cache: 'assert' => '/home/jsns/.cache/typescript/3.9/node_modules/@types/assert/ts3.7/index.d.ts'
[20:53:18.223] Adding entry into typings cache: 'assert-plus' => '/home/jsns/.cache/typescript/3.9/node_modules/@types/assert-plus/index.d.ts'
[20:53:18.225] Adding entry into typings cache: 'async' => '/home/jsns/.cache/typescript/3.9/node_modules/@types/async/index.d.ts'
[20:53:18.227] Adding entry into typings cache: 'atob' => '/home/jsns/.cache/typescript/3.9/node_modules/@types/atob/index.d.ts'
[20:53:18.229] Adding entry into typings cache: 'autoprefixer' => '/home/jsns/.cache/typescript/3.9/node_modules/@types/autoprefixer/index.d.ts'
[20:53:18.230] Adding entry into typings cache: 'aws4' => '/home/jsns/.cache/typescript/3.9/node_modules/@types/aws4/index.d.ts'
[20:53:18.231] Adding entry into typings cache: 'babel-code-frame' => '/home/jsns/.cache/typescript/3.9/node_modules/@types/babel-code-frame/index.d.ts'
[20:53:18.234] Adding entry into typings cache: 'babel-plugin-macros' => '/home/jsns/.cache/typescript/3.9/node_modules/@types/babel-plugin-macros/index.d.ts'
[20:53:18.236] Adding entry into typings cache: 'babylon' => '/home/jsns/.cache/typescript/3.9/node_modules/@types/babylon/index.d.ts'
[20:53:18.237] Adding entry into typings cache: 'balanced-match' => '/home/jsns/.cache/typescript/3.9/node_modules/@types/balanced-match/index.d.ts'
[20:53:18.238] Adding entry into typings cache: 'base64-js' => '/home/jsns/.cache/typescript/3.9/node_modules/@types/base64-js/index.d.ts'
[20:53:18.239] Adding entry into typings cache: 'big.js' => '/home/jsns/.cache/typescript/3.9/node_modules/@types/big.js/index.d.ts'
[20:53:18.241] Adding entry into typings cache: 'bluebird' => '/home/jsns/.cache/typescript/3.9/node_modules/@types/bluebird/index.d.ts'
[20:53:18.242] Adding entry into typings cache: 'bn.js' => '/home/jsns/.cache/typescript/3.9/node_modules/@types/bn.js/index.d.ts'
[20:53:18.243] Adding entry into typings cache: 'body-parser' => '/home/jsns/.cache/typescript/3.9/node_modules/@types/body-parser/index.d.ts'
[20:53:18.245] Adding entry into typings cache: 'bonjour' => '/home/jsns/.cache/typescript/3.9/node_modules/@types/bonjour/index.d.ts'
[20:53:18.247] Adding entry into typings cache: 'bootstrap' => '/home/jsns/.cache/typescript/3.9/node_modules/@types/bootstrap/index.d.ts'
[20:53:18.248] Adding entry into typings cache: 'brace-expansion' => '/home/jsns/.cache/typescript/3.9/node_modules/@types/brace-expansion/index.d.ts'
[20:53:18.253] Adding entry into typings cache: 'braces' => '/home/jsns/.cache/typescript/3.9/node_modules/@types/braces/index.d.ts'
[20:53:18.255] Adding entry into typings cache: 'brorand' => '/home/jsns/.cache/typescript/3.9/node_modules/@types/brorand/index.d.ts'
[20:53:18.257] Adding entry into typings cache: 'browser-resolve' => '/home/jsns/.cache/typescript/3.9/node_modules/@types/browser-resolve/index.d.ts'
[20:53:18.258] Adding entry into typings cache: 'browserslist' => '/home/jsns/.cache/typescript/3.9/node_modules/@types/browserslist/index.d.ts'
[20:53:18.260] Adding entry into typings cache: 'bser' => '/home/jsns/.cache/typescript/3.9/node_modules/@types/bser/index.d.ts'
[20:53:18.262] Adding entry into typings cache: 'bson' => '/home/jsns/.cache/typescript/3.9/node_modules/@types/bson/index.d.ts'
[20:53:18.263] Adding entry into typings cache: 'buffer-from' => '/home/jsns/.cache/typescript/3.9/node_modules/@types/buffer-from/index.d.ts'
[20:53:18.264] Adding entry into typings cache: 'buffer-xor' => '/home/jsns/.cache/typescript/3.9/node_modules/@types/buffer-xor/index.d.ts'
[20:53:18.265] Adding entry into typings cache: 'bytes' => '/home/jsns/.cache/typescript/3.9/node_modules/@types/bytes/index.d.ts'
[20:53:18.266] Adding entry into typings cache: 'cacache' => '/home/jsns/.cache/typescript/3.9/node_modules/@types/cacache/index.d.ts'
[20:53:18.268] Adding entry into typings cache: 'caniuse-api' => '/home/jsns/.cache/typescript/3.9/node_modules/@types/caniuse-api/index.d.ts'
[20:53:18.270] Adding entry into typings cache: 'caniuse-lite' => '/home/jsns/.cache/typescript/3.9/node_modules/@types/caniuse-lite/index.d.ts'
[20:53:18.271] Adding entry into typings cache: 'case-sensitive-paths-webpack-plugin' => '/home/jsns/.cache/typescript/3.9/node_modules/@types/case-sensitive-paths-webpack-plugin/index.d.ts'
[20:53:18.272] Adding entry into typings cache: 'caseless' => '/home/jsns/.cache/typescript/3.9/node_modules/@types/caseless/index.d.ts'
[20:53:18.274] Adding entry into typings cache: 'chardet' => '/home/jsns/.cache/typescript/3.9/node_modules/@types/chardet/index.d.ts'
[20:53:18.275] Adding entry into typings cache: 'chownr' => '/home/jsns/.cache/typescript/3.9/node_modules/@types/chownr/index.d.ts'
[20:53:18.277] Adding entry into typings cache: 'ci-info' => '/home/jsns/.cache/typescript/3.9/node_modules/@types/ci-info/index.d.ts'
[20:53:18.278] Adding entry into typings cache: 'cipher-base' => '/home/jsns/.cache/typescript/3.9/node_modules/@types/cipher-base/index.d.ts'
[20:53:18.279] Adding entry into typings cache: 'clean-css' => '/home/jsns/.cache/typescript/3.9/node_modules/@types/clean-css/index.d.ts'
[20:53:18.280] Adding entry into typings cache: 'clone-deep' => '/home/jsns/.cache/typescript/3.9/node_modules/@types/clone-deep/index.d.ts'
[20:53:18.281] Adding entry into typings cache: 'co' => '/home/jsns/.cache/typescript/3.9/node_modules/@types/co/index.d.ts'
[20:53:18.282] Adding entry into typings cache: 'color' => '/home/jsns/.cache/typescript/3.9/node_modules/@types/color/index.d.ts'
[20:53:18.284] Adding entry into typings cache: 'color-convert' => '/home/jsns/.cache/typescript/3.9/node_modules/@types/color-convert/index.d.ts'
[20:53:18.286] Adding entry into typings cache: 'color-name' => '/home/jsns/.cache/typescript/3.9/node_modules/@types/color-name/index.d.ts'
[20:53:18.288] Adding entry into typings cache: 'color-string' => '/home/jsns/.cache/typescript/3.9/node_modules/@types/color-string/index.d.ts'
[20:53:18.290] Adding entry into typings cache: 'combined-stream' => '/home/jsns/.cache/typescript/3.9/node_modules/@types/combined-stream/index.d.ts'
[20:53:18.291] Adding entry into typings cache: 'common-tags' => '/home/jsns/.cache/typescript/3.9/node_modules/@types/common-tags/index.d.ts'
[20:53:18.292] Adding entry into typings cache: 'commondir' => '/home/jsns/.cache/typescript/3.9/node_modules/@types/commondir/index.d.ts'
[20:53:18.294] Adding entry into typings cache: 'component-emitter' => '/home/jsns/.cache/typescript/3.9/node_modules/@types/component-emitter/index.d.ts'
[20:53:18.297] Adding entry into typings cache: 'compose-function' => '/home/jsns/.cache/typescript/3.9/node_modules/@types/compose-function/index.d.ts'
[20:53:18.298] Adding entry into typings cache: 'compressible' => '/home/jsns/.cache/typescript/3.9/node_modules/@types/compressible/index.d.ts'
[20:53:18.299] Adding entry into typings cache: 'compression' => '/home/jsns/.cache/typescript/3.9/node_modules/@types/compression/index.d.ts'
[20:53:18.300] Adding entry into typings cache: 'concat-map' => '/home/jsns/.cache/typescript/3.9/node_modules/@types/concat-map/index.d.ts'
[20:53:18.302] Adding entry into typings cache: 'concat-stream' => '/home/jsns/.cache/typescript/3.9/node_modules/@types/concat-stream/index.d.ts'
[20:53:18.303] Adding entry into typings cache: 'confusing-browser-globals' => '/home/jsns/.cache/typescript/3.9/node_modules/@types/confusing-browser-globals/index.d.ts'
[20:53:18.304] Adding entry into typings cache: 'connect-history-api-fallback' => '/home/jsns/.cache/typescript/3.9/node_modules/@types/connect-history-api-fallback/index.d.ts'
[20:53:18.305] Adding entry into typings cache: 'contains-path' => '/home/jsns/.cache/typescript/3.9/node_modules/@types/contains-path/index.d.ts'
[20:53:18.307] Adding entry into typings cache: 'content-disposition' => '/home/jsns/.cache/typescript/3.9/node_modules/@types/content-disposition/index.d.ts'
[20:53:18.309] Adding entry into typings cache: 'content-type' => '/home/jsns/.cache/typescript/3.9/node_modules/@types/content-type/index.d.ts'
[20:53:18.310] Adding entry into typings cache: 'convert-source-map' => '/home/jsns/.cache/typescript/3.9/node_modules/@types/convert-source-map/index.d.ts'
[20:53:18.311] Adding entry into typings cache: 'cookie' => '/home/jsns/.cache/typescript/3.9/node_modules/@types/cookie/index.d.ts'
[20:53:18.312] Adding entry into typings cache: 'cookie-signature' => '/home/jsns/.cache/typescript/3.9/node_modules/@types/cookie-signature/index.d.ts'
[20:53:18.313] Adding entry into typings cache: 'core-js' => '/home/jsns/.cache/typescript/3.9/node_modules/@types/core-js/index.d.ts'
[20:53:18.315] Adding entry into typings cache: 'create-hash' => '/home/jsns/.cache/typescript/3.9/node_modules/@types/create-hash/index.d.ts'
[20:53:18.316] Adding entry into typings cache: 'create-hmac' => '/home/jsns/.cache/typescript/3.9/node_modules/@types/create-hmac/index.d.ts'
[20:53:18.317] Adding entry into typings cache: 'cross-spawn' => '/home/jsns/.cache/typescript/3.9/node_modules/@types/cross-spawn/index.d.ts'
[20:53:18.318] Adding entry into typings cache: 'css' => '/home/jsns/.cache/typescript/3.9/node_modules/@types/css/index.d.ts'
[20:53:18.318] Adding entry into typings cache: 'css-tree' => '/home/jsns/.cache/typescript/3.9/node_modules/@types/css-tree/index.d.ts'
[20:53:18.319] Adding entry into typings cache: 'cssesc' => '/home/jsns/.cache/typescript/3.9/node_modules/@types/cssesc/index.d.ts'
[20:53:18.320] Adding entry into typings cache: 'cssnano' => '/home/jsns/.cache/typescript/3.9/node_modules/@types/cssnano/index.d.ts'
[20:53:18.321] Adding entry into typings cache: 'csso' => '/home/jsns/.cache/typescript/3.9/node_modules/@types/csso/index.d.ts'
[20:53:18.321] Adding entry into typings cache: 'cssom' => '/home/jsns/.cache/typescript/3.9/node_modules/@types/cssom/index.d.ts'
[20:53:18.323] Adding entry into typings cache: 'cssstyle' => '/home/jsns/.cache/typescript/3.9/node_modules/@types/cssstyle/index.d.ts'
[20:53:18.324] Adding entry into typings cache: 'd' => '/home/jsns/.cache/typescript/3.9/node_modules/@types/d/index.d.ts'
[20:53:18.326] Adding entry into typings cache: 'debug' => '/home/jsns/.cache/typescript/3.9/node_modules/@types/debug/index.d.ts'
[20:53:18.328] Adding entry into typings cache: 'decode-uri-component' => '/home/jsns/.cache/typescript/3.9/node_modules/@types/decode-uri-component/index.d.ts'
[20:53:18.329] Adding entry into typings cache: 'deep-equal' => '/home/jsns/.cache/typescript/3.9/node_modules/@types/deep-equal/index.d.ts'
[20:53:18.330] Adding entry into typings cache: 'default-gateway' => '/home/jsns/.cache/typescript/3.9/node_modules/@types/default-gateway/index.d.ts'
[20:53:18.330] Adding entry into typings cache: 'define-properties' => '/home/jsns/.cache/typescript/3.9/node_modules/@types/define-properties/index.d.ts'
[20:53:18.335] Adding entry into typings cache: 'depd' => '/home/jsns/.cache/typescript/3.9/node_modules/@types/depd/index.d.ts'
[20:53:18.336] Adding entry into typings cache: 'destroy' => '/home/jsns/.cache/typescript/3.9/node_modules/@types/destroy/index.d.ts'
[20:53:18.336] Adding entry into typings cache: 'detect-node' => '/home/jsns/.cache/typescript/3.9/node_modules/@types/detect-node/index.d.ts'
[20:53:18.337] Adding entry into typings cache: 'diffie-hellman' => '/home/jsns/.cache/typescript/3.9/node_modules/@types/diffie-hellman/index.d.ts'
[20:53:18.341] Adding entry into typings cache: 'dir-glob' => '/home/jsns/.cache/typescript/3.9/node_modules/@types/dir-glob/index.d.ts'
[20:53:18.342] Adding entry into typings cache: 'doctrine' => '/home/jsns/.cache/typescript/3.9/node_modules/@types/doctrine/index.d.ts'
[20:53:18.343] Adding entry into typings cache: 'dojo' => '/home/jsns/.cache/typescript/3.9/node_modules/@types/dojo/index.d.ts'
[20:53:18.344] Adding entry into typings cache: 'domexception' => '/home/jsns/.cache/typescript/3.9/node_modules/@types/domexception/index.d.ts'
[20:53:18.345] Adding entry into typings cache: 'domhandler' => '/home/jsns/.cache/typescript/3.9/node_modules/@types/domhandler/index.d.ts'
[20:53:18.347] Adding entry into typings cache: 'domutils' => '/home/jsns/.cache/typescript/3.9/node_modules/@types/domutils/index.d.ts'
[20:53:18.348] Adding entry into typings cache: 'duplexify' => '/home/jsns/.cache/typescript/3.9/node_modules/@types/duplexify/index.d.ts'
[20:53:18.349] Adding entry into typings cache: 'ee-first' => '/home/jsns/.cache/typescript/3.9/node_modules/@types/ee-first/index.d.ts'
[20:53:18.350] Adding entry into typings cache: 'ejs' => '/home/jsns/.cache/typescript/3.9/node_modules/@types/ejs/index.d.ts'
[20:53:18.351] Adding entry into typings cache: 'elliptic' => '/home/jsns/.cache/typescript/3.9/node_modules/@types/elliptic/index.d.ts'
[20:53:18.352] Adding entry into typings cache: 'encodeurl' => '/home/jsns/.cache/typescript/3.9/node_modules/@types/encodeurl/index.d.ts'
[20:53:18.353] Adding entry into typings cache: 'end-of-stream' => '/home/jsns/.cache/typescript/3.9/node_modules/@types/end-of-stream/index.d.ts'
[20:53:18.354] Adding entry into typings cache: 'enhanced-resolve' => '/home/jsns/.cache/typescript/3.9/node_modules/@types/enhanced-resolve/index.d.ts'
[20:53:18.355] Adding entry into typings cache: 'entities' => '/home/jsns/.cache/typescript/3.9/node_modules/@types/entities/index.d.ts'
[20:53:18.355] Adding entry into typings cache: 'es-abstract' => '/home/jsns/.cache/typescript/3.9/node_modules/@types/es-abstract/index.d.ts'
[20:53:18.356] Adding entry into typings cache: 'es-to-primitive' => '/home/jsns/.cache/typescript/3.9/node_modules/@types/es-to-primitive/ts3.2/index.d.ts'
[20:53:18.357] Adding entry into typings cache: 'escape-html' => '/home/jsns/.cache/typescript/3.9/node_modules/@types/escape-html/index.d.ts'
[20:53:18.357] Adding entry into typings cache: 'escodegen' => '/home/jsns/.cache/typescript/3.9/node_modules/@types/escodegen/index.d.ts'
[20:53:18.358] Adding entry into typings cache: 'eslint' => '/home/jsns/.cache/typescript/3.9/node_modules/@types/eslint/ts3.1/index.d.ts'
[20:53:18.358] Adding entry into typings cache: 'eslint-config-prettier' => '/home/jsns/.cache/typescript/3.9/node_modules/@types/eslint-config-prettier/index.d.ts'
[20:53:18.360] Adding entry into typings cache: 'eslint-plugin-prettier' => '/home/jsns/.cache/typescript/3.9/node_modules/@types/eslint-plugin-prettier/index.d.ts'
[20:53:18.361] Adding entry into typings cache: 'eslint-scope' => '/home/jsns/.cache/typescript/3.9/node_modules/@types/eslint-scope/index.d.ts'
[20:53:18.361] Adding entry into typings cache: 'eslint-visitor-keys' => '/home/jsns/.cache/typescript/3.9/node_modules/@types/eslint-visitor-keys/index.d.ts'
[20:53:18.362] Adding entry into typings cache: 'esprima' => '/home/jsns/.cache/typescript/3.9/node_modules/@types/esprima/index.d.ts'
[20:53:18.363] Adding entry into typings cache: 'esquery' => '/home/jsns/.cache/typescript/3.9/node_modules/@types/esquery/index.d.ts'
[20:53:18.364] Adding entry into typings cache: 'estraverse' => '/home/jsns/.cache/typescript/3.9/node_modules/@types/estraverse/index.d.ts'
[20:53:18.364] Adding entry into typings cache: 'etag' => '/home/jsns/.cache/typescript/3.9/node_modules/@types/etag/index.d.ts'
[20:53:18.365] Adding entry into typings cache: 'events' => '/home/jsns/.cache/typescript/3.9/node_modules/@types/events/index.d.ts'
[20:53:18.366] Adding entry into typings cache: 'eventsource' => '/home/jsns/.cache/typescript/3.9/node_modules/@types/eventsource/index.d.ts'
[20:53:18.366] Adding entry into typings cache: 'exit' => '/home/jsns/.cache/typescript/3.9/node_modules/@types/exit/index.d.ts'
[20:53:18.368] Adding entry into typings cache: 'express' => '/home/jsns/.cache/typescript/3.9/node_modules/@types/express/index.d.ts'
[20:53:18.370] Adding entry into typings cache: 'extend' => '/home/jsns/.cache/typescript/3.9/node_modules/@types/extend/index.d.ts'
[20:53:18.370] Adding entry into typings cache: 'extsprintf' => '/home/jsns/.cache/typescript/3.9/node_modules/@types/extsprintf/index.d.ts'
[20:53:18.371] Adding entry into typings cache: 'fast-levenshtein' => '/home/jsns/.cache/typescript/3.9/node_modules/@types/fast-levenshtein/index.d.ts'
[20:53:18.372] Adding entry into typings cache: 'fb-watchman' => '/home/jsns/.cache/typescript/3.9/node_modules/@types/fb-watchman/index.d.ts'
[20:53:18.373] Adding entry into typings cache: 'file-entry-cache' => '/home/jsns/.cache/typescript/3.9/node_modules/@types/file-entry-cache/index.d.ts'
[20:53:18.373] Adding entry into typings cache: 'file-loader' => '/home/jsns/.cache/typescript/3.9/node_modules/@types/file-loader/index.d.ts'
[20:53:18.374] Adding entry into typings cache: 'finalhandler' => '/home/jsns/.cache/typescript/3.9/node_modules/@types/finalhandler/index.d.ts'
[20:53:18.375] Adding entry into typings cache: 'find-cache-dir' => '/home/jsns/.cache/typescript/3.9/node_modules/@types/find-cache-dir/index.d.ts'
[20:53:18.375] Adding entry into typings cache: 'flat-cache' => '/home/jsns/.cache/typescript/3.9/node_modules/@types/flat-cache/index.d.ts'
[20:53:18.376] Adding entry into typings cache: 'flush-write-stream' => '/home/jsns/.cache/typescript/3.9/node_modules/@types/flush-write-stream/index.d.ts'
[20:53:18.377] Adding entry into typings cache: 'follow-redirects' => '/home/jsns/.cache/typescript/3.9/node_modules/@types/follow-redirects/index.d.ts'
[20:53:18.377] Adding entry into typings cache: 'forever-agent' => '/home/jsns/.cache/typescript/3.9/node_modules/@types/forever-agent/index.d.ts'
[20:53:18.378] Adding entry into typings cache: 'forwarded' => '/home/jsns/.cache/typescript/3.9/node_modules/@types/forwarded/index.d.ts'
[20:53:18.379] Adding entry into typings cache: 'fresh' => '/home/jsns/.cache/typescript/3.9/node_modules/@types/fresh/index.d.ts'
[20:53:18.380] Adding entry into typings cache: 'from2' => '/home/jsns/.cache/typescript/3.9/node_modules/@types/from2/index.d.ts'
[20:53:18.381] Adding entry into typings cache: 'fs-extra' => '/home/jsns/.cache/typescript/3.9/node_modules/@types/fs-extra/index.d.ts'
[20:53:18.381] Adding entry into typings cache: 'function-bind' => '/home/jsns/.cache/typescript/3.9/node_modules/@types/function-bind/ts3.3/index.d.ts'
[20:53:18.382] Adding entry into typings cache: 'get-caller-file' => '/home/jsns/.cache/typescript/3.9/node_modules/@types/get-caller-file/index.d.ts'
[20:53:18.384] Adding entry into typings cache: 'get-value' => '/home/jsns/.cache/typescript/3.9/node_modules/@types/get-value/index.d.ts'
[20:53:18.385] Adding entry into typings cache: 'getpass' => '/home/jsns/.cache/typescript/3.9/node_modules/@types/getpass/index.d.ts'
[20:53:18.385] Adding entry into typings cache: 'gh-pages' => '/home/jsns/.cache/typescript/3.9/node_modules/@types/gh-pages/index.d.ts'
[20:53:18.386] Adding entry into typings cache: 'glob' => '/home/jsns/.cache/typescript/3.9/node_modules/@types/glob/index.d.ts'
[20:53:18.387] Adding entry into typings cache: 'glob-parent' => '/home/jsns/.cache/typescript/3.9/node_modules/@types/glob-parent/index.d.ts'
[20:53:18.387] Adding entry into typings cache: 'glob-to-regexp' => '/home/jsns/.cache/typescript/3.9/node_modules/@types/glob-to-regexp/index.d.ts'
[20:53:18.388] Adding entry into typings cache: 'global-modules' => '/home/jsns/.cache/typescript/3.9/node_modules/@types/global-modules/index.d.ts'
[20:53:18.389] Adding entry into typings cache: 'global-prefix' => '/home/jsns/.cache/typescript/3.9/node_modules/@types/global-prefix/index.d.ts'
[20:53:18.390] Adding entry into typings cache: 'graceful-fs' => '/home/jsns/.cache/typescript/3.9/node_modules/@types/graceful-fs/index.d.ts'
[20:53:18.391] Adding entry into typings cache: 'has' => '/home/jsns/.cache/typescript/3.9/node_modules/@types/has/index.d.ts'
[20:53:18.391] Adding entry into typings cache: 'has-ansi' => '/home/jsns/.cache/typescript/3.9/node_modules/@types/has-ansi/index.d.ts'
[20:53:18.392] Adding entry into typings cache: 'has-symbols' => '/home/jsns/.cache/typescript/3.9/node_modules/@types/has-symbols/index.d.ts'
[20:53:18.392] Adding entry into typings cache: 'he' => '/home/jsns/.cache/typescript/3.9/node_modules/@types/he/index.d.ts'
[20:53:18.393] Adding entry into typings cache: 'hosted-git-info' => '/home/jsns/.cache/typescript/3.9/node_modules/@types/hosted-git-info/index.d.ts'
[20:53:18.393] Adding entry into typings cache: 'html-encoding-sniffer' => '/home/jsns/.cache/typescript/3.9/node_modules/@types/html-encoding-sniffer/index.d.ts'
[20:53:18.394] Adding entry into typings cache: 'html-entities' => '/home/jsns/.cache/typescript/3.9/node_modules/@types/html-entities/index.d.ts'
[20:53:18.394] Adding entry into typings cache: 'html-escaper' => '/home/jsns/.cache/typescript/3.9/node_modules/@types/html-escaper/index.d.ts'
[20:53:18.395] Adding entry into typings cache: 'html-minifier-terser' => '/home/jsns/.cache/typescript/3.9/node_modules/@types/html-minifier-terser/index.d.ts'
[20:53:18.395] Adding entry into typings cache: 'htmlparser2' => '/home/jsns/.cache/typescript/3.9/node_modules/@types/htmlparser2/index.d.ts'
[20:53:18.396] Adding entry into typings cache: 'http-errors' => '/home/jsns/.cache/typescript/3.9/node_modules/@types/http-errors/index.d.ts'
[20:53:18.396] Adding entry into typings cache: 'http-proxy' => '/home/jsns/.cache/typescript/3.9/node_modules/@types/http-proxy/index.d.ts'
[20:53:18.397] Adding entry into typings cache: 'http-proxy-middleware' => '/home/jsns/.cache/typescript/3.9/node_modules/@types/http-proxy-middleware/index.d.ts'
[20:53:18.398] Adding entry into typings cache: 'icss-utils' => '/home/jsns/.cache/typescript/3.9/node_modules/@types/icss-utils/index.d.ts'
[20:53:18.398] Adding entry into typings cache: 'iferr' => '/home/jsns/.cache/typescript/3.9/node_modules/@types/iferr/index.d.ts'
[20:53:18.399] Adding entry into typings cache: 'imurmurhash' => '/home/jsns/.cache/typescript/3.9/node_modules/@types/imurmurhash/index.d.ts'
[20:53:18.400] Adding entry into typings cache: 'inherits' => '/home/jsns/.cache/typescript/3.9/node_modules/@types/inherits/index.d.ts'
[20:53:18.400] Adding entry into typings cache: 'ini' => '/home/jsns/.cache/typescript/3.9/node_modules/@types/ini/index.d.ts'
[20:53:18.401] Adding entry into typings cache: 'inquirer' => '/home/jsns/.cache/typescript/3.9/node_modules/@types/inquirer/index.d.ts'
[20:53:18.402] Adding entry into typings cache: 'internal-slot' => '/home/jsns/.cache/typescript/3.9/node_modules/@types/internal-slot/index.d.ts'
[20:53:18.402] Adding entry into typings cache: 'invariant' => '/home/jsns/.cache/typescript/3.9/node_modules/@types/invariant/ts3.7/index.d.ts'
[20:53:18.403] Adding entry into typings cache: 'ip' => '/home/jsns/.cache/typescript/3.9/node_modules/@types/ip/index.d.ts'
[20:53:18.405] Adding entry into typings cache: 'is-buffer' => '/home/jsns/.cache/typescript/3.9/node_modules/@types/is-buffer/index.d.ts'
[20:53:18.406] Adding entry into typings cache: 'is-callable' => '/home/jsns/.cache/typescript/3.9/node_modules/@types/is-callable/index.d.ts'
[20:53:18.406] Adding entry into typings cache: 'is-ci' => '/home/jsns/.cache/typescript/3.9/node_modules/@types/is-ci/index.d.ts'
[20:53:18.407] Adding entry into typings cache: 'is-date-object' => '/home/jsns/.cache/typescript/3.9/node_modules/@types/is-date-object/index.d.ts'
[20:53:18.408] Adding entry into typings cache: 'is-glob' => '/home/jsns/.cache/typescript/3.9/node_modules/@types/is-glob/index.d.ts'
[20:53:18.408] Adding entry into typings cache: 'is-number' => '/home/jsns/.cache/typescript/3.9/node_modules/@types/is-number/index.d.ts'
[20:53:18.409] Adding entry into typings cache: 'is-promise' => '/home/jsns/.cache/typescript/3.9/node_modules/@types/is-promise/index.d.ts'
[20:53:18.409] Adding entry into typings cache: 'is-regex' => '/home/jsns/.cache/typescript/3.9/node_modules/@types/is-regex/index.d.ts'
[20:53:18.410] Adding entry into typings cache: 'is-typedarray' => '/home/jsns/.cache/typescript/3.9/node_modules/@types/is-typedarray/index.d.ts'
[20:53:18.411] Adding entry into typings cache: 'is-windows' => '/home/jsns/.cache/typescript/3.9/node_modules/@types/is-windows/index.d.ts'
[20:53:18.411] Adding entry into typings cache: 'isarray' => '/home/jsns/.cache/typescript/3.9/node_modules/@types/isarray/index.d.ts'
[20:53:18.412] Adding entry into typings cache: 'isexe' => '/home/jsns/.cache/typescript/3.9/node_modules/@types/isexe/index.d.ts'
[20:53:18.412] Adding entry into typings cache: 'isstream' => '/home/jsns/.cache/typescript/3.9/node_modules/@types/isstream/index.d.ts'
[20:53:18.413] Adding entry into typings cache: 'istanbul-lib-coverage' => '/home/jsns/.cache/typescript/3.9/node_modules/@types/istanbul-lib-coverage/index.d.ts'
[20:53:18.413] Adding entry into typings cache: 'istanbul-lib-instrument' => '/home/jsns/.cache/typescript/3.9/node_modules/@types/istanbul-lib-instrument/index.d.ts'
[20:53:18.414] Adding entry into typings cache: 'istanbul-lib-report' => '/home/jsns/.cache/typescript/3.9/node_modules/@types/istanbul-lib-report/index.d.ts'
[20:53:18.414] Adding entry into typings cache: 'istanbul-lib-source-maps' => '/home/jsns/.cache/typescript/3.9/node_modules/@types/istanbul-lib-source-maps/index.d.ts'
[20:53:18.415] Adding entry into typings cache: 'istanbul-reports' => '/home/jsns/.cache/typescript/3.9/node_modules/@types/istanbul-reports/index.d.ts'
[20:53:18.415] Adding entry into typings cache: 'js-yaml' => '/home/jsns/.cache/typescript/3.9/node_modules/@types/js-yaml/index.d.ts'
[20:53:18.416] Adding entry into typings cache: 'jsbn' => '/home/jsns/.cache/typescript/3.9/node_modules/@types/jsbn/index.d.ts'
[20:53:18.416] Adding entry into typings cache: 'jsdom' => '/home/jsns/.cache/typescript/3.9/node_modules/@types/jsdom/ts3.6/index.d.ts'
[20:53:18.417] Adding entry into typings cache: 'jsesc' => '/home/jsns/.cache/typescript/3.9/node_modules/@types/jsesc/index.d.ts'
[20:53:18.417] Adding entry into typings cache: 'json-parse-better-errors' => '/home/jsns/.cache/typescript/3.9/node_modules/@types/json-parse-better-errors/index.d.ts'
[20:53:18.418] Adding entry into typings cache: 'json-schema' => '/home/jsns/.cache/typescript/3.9/node_modules/@types/json-schema/index.d.ts'
[20:53:18.419] Adding entry into typings cache: 'json-schema-traverse' => '/home/jsns/.cache/typescript/3.9/node_modules/@types/json-schema-traverse/index.d.ts'
[20:53:18.419] Adding entry into typings cache: 'json-stable-stringify' => '/home/jsns/.cache/typescript/3.9/node_modules/@types/json-stable-stringify/index.d.ts'
[20:53:18.420] Adding entry into typings cache: 'json-stringify-safe' => '/home/jsns/.cache/typescript/3.9/node_modules/@types/json-stringify-safe/index.d.ts'
[20:53:18.420] Adding entry into typings cache: 'json3' => '/home/jsns/.cache/typescript/3.9/node_modules/@types/json3/index.d.ts'
[20:53:18.420] Adding entry into typings cache: 'json5' => '/home/jsns/.cache/typescript/3.9/node_modules/@types/json5/index.d.ts'
[20:53:18.422] Adding entry into typings cache: 'jsonfile' => '/home/jsns/.cache/typescript/3.9/node_modules/@types/jsonfile/index.d.ts'
[20:53:18.423] Adding entry into typings cache: 'kind-of' => '/home/jsns/.cache/typescript/3.9/node_modules/@types/kind-of/index.d.ts'
[20:53:18.424] Adding entry into typings cache: 'loader-runner' => '/home/jsns/.cache/typescript/3.9/node_modules/@types/loader-runner/index.d.ts'
[20:53:18.424] Adding entry into typings cache: 'loader-utils' => '/home/jsns/.cache/typescript/3.9/node_modules/@types/loader-utils/index.d.ts'
[20:53:18.425] Adding entry into typings cache: 'lodash' => '/home/jsns/.cache/typescript/3.9/node_modules/@types/lodash/ts3.1/index.d.ts'
[20:53:18.426] Adding entry into typings cache: 'lodash.memoize' => '/home/jsns/.cache/typescript/3.9/node_modules/@types/lodash.memoize/index.d.ts'
[20:53:18.427] Adding entry into typings cache: 'lodash.sortby' => '/home/jsns/.cache/typescript/3.9/node_modules/@types/lodash.sortby/index.d.ts'
[20:53:18.427] Adding entry into typings cache: 'lodash.template' => '/home/jsns/.cache/typescript/3.9/node_modules/@types/lodash.template/index.d.ts'
[20:53:18.428] Adding entry into typings cache: 'lodash.uniq' => '/home/jsns/.cache/typescript/3.9/node_modules/@types/lodash.uniq/index.d.ts'
[20:53:18.429] Adding entry into typings cache: 'lru-cache' => '/home/jsns/.cache/typescript/3.9/node_modules/@types/lru-cache/index.d.ts'
[20:53:18.429] Adding entry into typings cache: 'media-typer' => '/home/jsns/.cache/typescript/3.9/node_modules/@types/media-typer/index.d.ts'
[20:53:18.430] Adding entry into typings cache: 'memory-fs' => '/home/jsns/.cache/typescript/3.9/node_modules/@types/memory-fs/index.d.ts'
[20:53:18.430] Adding entry into typings cache: 'merge-descriptors' => '/home/jsns/.cache/typescript/3.9/node_modules/@types/merge-descriptors/index.d.ts'
[20:53:18.433] Adding entry into typings cache: 'merge-stream' => '/home/jsns/.cache/typescript/3.9/node_modules/@types/merge-stream/index.d.ts'
[20:53:18.433] Adding entry into typings cache: 'merge2' => '/home/jsns/.cache/typescript/3.9/node_modules/@types/merge2/index.d.ts'
[20:53:18.434] Adding entry into typings cache: 'methods' => '/home/jsns/.cache/typescript/3.9/node_modules/@types/methods/index.d.ts'
[20:53:18.435] Adding entry into typings cache: 'micromatch' => '/home/jsns/.cache/typescript/3.9/node_modules/@types/micromatch/index.d.ts'
[20:53:18.436] Adding entry into typings cache: 'mime' => '/home/jsns/.cache/typescript/3.9/node_modules/@types/mime/index.d.ts'
[20:53:18.437] Adding entry into typings cache: 'mime-db' => '/home/jsns/.cache/typescript/3.9/node_modules/@types/mime-db/index.d.ts'
[20:53:18.438] Adding entry into typings cache: 'mime-types' => '/home/jsns/.cache/typescript/3.9/node_modules/@types/mime-types/index.d.ts'
[20:53:18.439] Adding entry into typings cache: 'min-indent' => '/home/jsns/.cache/typescript/3.9/node_modules/@types/min-indent/index.d.ts'
[20:53:18.440] Adding entry into typings cache: 'mini-css-extract-plugin' => '/home/jsns/.cache/typescript/3.9/node_modules/@types/mini-css-extract-plugin/index.d.ts'
[20:53:18.441] Adding entry into typings cache: 'minimalistic-assert' => '/home/jsns/.cache/typescript/3.9/node_modules/@types/minimalistic-assert/index.d.ts'
[20:53:18.441] Adding entry into typings cache: 'minimatch' => '/home/jsns/.cache/typescript/3.9/node_modules/@types/minimatch/index.d.ts'
[20:53:18.442] Adding entry into typings cache: 'minimist' => '/home/jsns/.cache/typescript/3.9/node_modules/@types/minimist/index.d.ts'
[20:53:18.443] Adding entry into typings cache: 'minipass' => '/home/jsns/.cache/typescript/3.9/node_modules/@types/minipass/index.d.ts'
[20:53:18.443] Adding entry into typings cache: 'mkdirp' => '/home/jsns/.cache/typescript/3.9/node_modules/@types/mkdirp/index.d.ts'
[20:53:18.444] Adding entry into typings cache: 'mongoose' => '/home/jsns/.cache/typescript/3.9/node_modules/@types/mongoose/index.d.ts'
[20:53:18.445] Adding entry into typings cache: 'move-concurrently' => '/home/jsns/.cache/typescript/3.9/node_modules/@types/move-concurrently/index.d.ts'
[20:53:18.446] Adding entry into typings cache: 'ms' => '/home/jsns/.cache/typescript/3.9/node_modules/@types/ms/index.d.ts'
[20:53:18.447] Adding entry into typings cache: 'mute-stream' => '/home/jsns/.cache/typescript/3.9/node_modules/@types/mute-stream/index.d.ts'
[20:53:18.447] Adding entry into typings cache: 'natural-compare' => '/home/jsns/.cache/typescript/3.9/node_modules/@types/natural-compare/index.d.ts'
[20:53:18.447] Adding entry into typings cache: 'negotiator' => '/home/jsns/.cache/typescript/3.9/node_modules/@types/negotiator/index.d.ts'
[20:53:18.448] Adding entry into typings cache: 'next-tick' => '/home/jsns/.cache/typescript/3.9/node_modules/@types/next-tick/index.d.ts'
[20:53:18.448] Adding entry into typings cache: 'nice-try' => '/home/jsns/.cache/typescript/3.9/node_modules/@types/nice-try/index.d.ts'
[20:53:18.449] Adding entry into typings cache: 'node-forge' => '/home/jsns/.cache/typescript/3.9/node_modules/@types/node-forge/index.d.ts'
[20:53:18.450] Adding entry into typings cache: 'node-int64' => '/home/jsns/.cache/typescript/3.9/node_modules/@types/node-int64/index.d.ts'
[20:53:18.450] Adding entry into typings cache: 'node-notifier' => '/home/jsns/.cache/typescript/3.9/node_modules/@types/node-notifier/index.d.ts'
[20:53:18.451] Adding entry into typings cache: 'nodemon' => '/home/jsns/.cache/typescript/3.9/node_modules/@types/nodemon/index.d.ts'
[20:53:18.451] Adding entry into typings cache: 'normalize-package-data' => '/home/jsns/.cache/typescript/3.9/node_modules/@types/normalize-package-data/index.d.ts'
[20:53:18.452] Adding entry into typings cache: 'normalize-path' => '/home/jsns/.cache/typescript/3.9/node_modules/@types/normalize-path/index.d.ts'
[20:53:18.452] Adding entry into typings cache: 'num2fraction' => '/home/jsns/.cache/typescript/3.9/node_modules/@types/num2fraction/index.d.ts'
[20:53:18.453] Adding entry into typings cache: 'number-is-nan' => '/home/jsns/.cache/typescript/3.9/node_modules/@types/number-is-nan/index.d.ts'
[20:53:18.454] Adding entry into typings cache: 'object-assign' => '/home/jsns/.cache/typescript/3.9/node_modules/@types/object-assign/index.d.ts'
[20:53:18.454] Adding entry into typings cache: 'object-hash' => '/home/jsns/.cache/typescript/3.9/node_modules/@types/object-hash/index.d.ts'
[20:53:18.455] Adding entry into typings cache: 'object-inspect' => '/home/jsns/.cache/typescript/3.9/node_modules/@types/object-inspect/index.d.ts'
[20:53:18.455] Adding entry into typings cache: 'object-keys' => '/home/jsns/.cache/typescript/3.9/node_modules/@types/object-keys/index.d.ts'
[20:53:18.456] Adding entry into typings cache: 'object-path' => '/home/jsns/.cache/typescript/3.9/node_modules/@types/object-path/index.d.ts'
[20:53:18.457] Adding entry into typings cache: 'object.fromentries' => '/home/jsns/.cache/typescript/3.9/node_modules/@types/object.fromentries/index.d.ts'
[20:53:18.457] Adding entry into typings cache: 'object.getownpropertydescriptors' => '/home/jsns/.cache/typescript/3.9/node_modules/@types/object.getownpropertydescriptors/index.d.ts'
[20:53:18.458] Adding entry into typings cache: 'object.pick' => '/home/jsns/.cache/typescript/3.9/node_modules/@types/object.pick/index.d.ts'
[20:53:18.458] Adding entry into typings cache: 'on-finished' => '/home/jsns/.cache/typescript/3.9/node_modules/@types/on-finished/index.d.ts'
[20:53:18.459] Adding entry into typings cache: 'on-headers' => '/home/jsns/.cache/typescript/3.9/node_modules/@types/on-headers/index.d.ts'
[20:53:18.459] Adding entry into typings cache: 'once' => '/home/jsns/.cache/typescript/3.9/node_modules/@types/once/index.d.ts'
[20:53:18.461] Adding entry into typings cache: 'optimize-css-assets-webpack-plugin' => '/home/jsns/.cache/typescript/3.9/node_modules/@types/optimize-css-assets-webpack-plugin/index.d.ts'
[20:53:18.462] Adding entry into typings cache: 'original' => '/home/jsns/.cache/typescript/3.9/node_modules/@types/original/index.d.ts'
[20:53:18.462] Adding entry into typings cache: 'os-tmpdir' => '/home/jsns/.cache/typescript/3.9/node_modules/@types/os-tmpdir/index.d.ts'
[20:53:18.463] Adding entry into typings cache: 'pako' => '/home/jsns/.cache/typescript/3.9/node_modules/@types/pako/index.d.ts'
[20:53:18.463] Adding entry into typings cache: 'parallel-transform' => '/home/jsns/.cache/typescript/3.9/node_modules/@types/parallel-transform/index.d.ts'
[20:53:18.464] Adding entry into typings cache: 'parse-json' => '/home/jsns/.cache/typescript/3.9/node_modules/@types/parse-json/index.d.ts'
[20:53:18.464] Adding entry into typings cache: 'parse5' => '/home/jsns/.cache/typescript/3.9/node_modules/@types/parse5/index.d.ts'
[20:53:18.465] Adding entry into typings cache: 'parseurl' => '/home/jsns/.cache/typescript/3.9/node_modules/@types/parseurl/index.d.ts'
[20:53:18.465] Adding entry into typings cache: 'pascalcase' => '/home/jsns/.cache/typescript/3.9/node_modules/@types/pascalcase/index.d.ts'
[20:53:18.466] Adding entry into typings cache: 'path-is-absolute' => '/home/jsns/.cache/typescript/3.9/node_modules/@types/path-is-absolute/index.d.ts'
[20:53:18.467] Adding entry into typings cache: 'path-is-inside' => '/home/jsns/.cache/typescript/3.9/node_modules/@types/path-is-inside/index.d.ts'
[20:53:18.467] Adding entry into typings cache: 'path-parse' => '/home/jsns/.cache/typescript/3.9/node_modules/@types/path-parse/index.d.ts'
[20:53:18.467] Adding entry into typings cache: 'pbkdf2' => '/home/jsns/.cache/typescript/3.9/node_modules/@types/pbkdf2/index.d.ts'
[20:53:18.468] Adding entry into typings cache: 'picomatch' => '/home/jsns/.cache/typescript/3.9/node_modules/@types/picomatch/index.d.ts'
[20:53:18.468] Adding entry into typings cache: 'pify' => '/home/jsns/.cache/typescript/3.9/node_modules/@types/pify/index.d.ts'
[20:53:18.469] Adding entry into typings cache: 'postcss-calc' => '/home/jsns/.cache/typescript/3.9/node_modules/@types/postcss-calc/index.d.ts'
[20:53:18.469] Adding entry into typings cache: 'postcss-custom-properties' => '/home/jsns/.cache/typescript/3.9/node_modules/@types/postcss-custom-properties/index.d.ts'
[20:53:18.470] Adding entry into typings cache: 'postcss-flexbugs-fixes' => '/home/jsns/.cache/typescript/3.9/node_modules/@types/postcss-flexbugs-fixes/index.d.ts'
[20:53:18.470] Adding entry into typings cache: 'postcss-load-config' => '/home/jsns/.cache/typescript/3.9/node_modules/@types/postcss-load-config/index.d.ts'
[20:53:18.471] Adding entry into typings cache: 'postcss-modules-extract-imports' => '/home/jsns/.cache/typescript/3.9/node_modules/@types/postcss-modules-extract-imports/index.d.ts'
[20:53:18.471] Adding entry into typings cache: 'postcss-modules-local-by-default' => '/home/jsns/.cache/typescript/3.9/node_modules/@types/postcss-modules-local-by-default/index.d.ts'
[20:53:18.472] Adding entry into typings cache: 'postcss-modules-scope' => '/home/jsns/.cache/typescript/3.9/node_modules/@types/postcss-modules-scope/index.d.ts'
[20:53:18.478] Adding entry into typings cache: 'postcss-modules-values' => '/home/jsns/.cache/typescript/3.9/node_modules/@types/postcss-modules-values/index.d.ts'
[20:53:18.479] Adding entry into typings cache: 'postcss-safe-parser' => '/home/jsns/.cache/typescript/3.9/node_modules/@types/postcss-safe-parser/index.d.ts'
[20:53:18.480] Adding entry into typings cache: 'prelude-ls' => '/home/jsns/.cache/typescript/3.9/node_modules/@types/prelude-ls/index.d.ts'
[20:53:18.480] Adding entry into typings cache: 'prettier' => '/home/jsns/.cache/typescript/3.9/node_modules/@types/prettier/index.d.ts'
[20:53:18.481] Adding entry into typings cache: 'progress' => '/home/jsns/.cache/typescript/3.9/node_modules/@types/progress/index.d.ts'
[20:53:18.481] Adding entry into typings cache: 'promise-inflight' => '/home/jsns/.cache/typescript/3.9/node_modules/@types/promise-inflight/index.d.ts'
[20:53:18.482] Adding entry into typings cache: 'prompts' => '/home/jsns/.cache/typescript/3.9/node_modules/@types/prompts/index.d.ts'
[20:53:18.483] Adding entry into typings cache: 'prop-types' => '/home/jsns/.cache/typescript/3.9/node_modules/@types/prop-types/index.d.ts'
[20:53:18.483] Adding entry into typings cache: 'proxy-addr' => '/home/jsns/.cache/typescript/3.9/node_modules/@types/proxy-addr/index.d.ts'
[20:53:18.484] Adding entry into typings cache: 'psl' => '/home/jsns/.cache/typescript/3.9/node_modules/@types/psl/index.d.ts'
[20:53:18.484] Adding entry into typings cache: 'pump' => '/home/jsns/.cache/typescript/3.9/node_modules/@types/pump/index.d.ts'
[20:53:18.485] Adding entry into typings cache: 'pumpify' => '/home/jsns/.cache/typescript/3.9/node_modules/@types/pumpify/index.d.ts'
[20:53:18.486] Adding entry into typings cache: 'punycode' => '/home/jsns/.cache/typescript/3.9/node_modules/@types/punycode/index.d.ts'
[20:53:18.487] Adding entry into typings cache: 'q' => '/home/jsns/.cache/typescript/3.9/node_modules/@types/q/index.d.ts'
[20:53:18.488] Adding entry into typings cache: 'qs' => '/home/jsns/.cache/typescript/3.9/node_modules/@types/qs/index.d.ts'
[20:53:18.488] Adding entry into typings cache: 'querystringify' => '/home/jsns/.cache/typescript/3.9/node_modules/@types/querystringify/index.d.ts'
[20:53:18.489] Adding entry into typings cache: 'raf' => '/home/jsns/.cache/typescript/3.9/node_modules/@types/raf/index.d.ts'
[20:53:18.489] Adding entry into typings cache: 'randombytes' => '/home/jsns/.cache/typescript/3.9/node_modules/@types/randombytes/index.d.ts'
[20:53:18.490] Adding entry into typings cache: 'range-parser' => '/home/jsns/.cache/typescript/3.9/node_modules/@types/range-parser/index.d.ts'
[20:53:18.492] Adding entry into typings cache: 'react' => '/home/jsns/.cache/typescript/3.9/node_modules/@types/react/index.d.ts'
[20:53:18.492] Adding entry into typings cache: 'react-bootstrap' => '/home/jsns/.cache/typescript/3.9/node_modules/@types/react-bootstrap/index.d.ts'
[20:53:18.493] Adding entry into typings cache: 'react-dev-utils' => '/home/jsns/.cache/typescript/3.9/node_modules/@types/react-dev-utils/index.d.ts'
[20:53:18.494] Adding entry into typings cache: 'react-dom' => '/home/jsns/.cache/typescript/3.9/node_modules/@types/react-dom/index.d.ts'
[20:53:18.495] Adding entry into typings cache: 'react-is' => '/home/jsns/.cache/typescript/3.9/node_modules/@types/react-is/index.d.ts'
[20:53:18.496] Adding entry into typings cache: 'readable-stream' => '/home/jsns/.cache/typescript/3.9/node_modules/@types/readable-stream/index.d.ts'
[20:53:18.496] Adding entry into typings cache: 'recursive-readdir' => '/home/jsns/.cache/typescript/3.9/node_modules/@types/recursive-readdir/index.d.ts'
[20:53:18.497] Adding entry into typings cache: 'relateurl' => '/home/jsns/.cache/typescript/3.9/node_modules/@types/relateurl/index.d.ts'
[20:53:18.498] Adding entry into typings cache: 'repeat-element' => '/home/jsns/.cache/typescript/3.9/node_modules/@types/repeat-element/index.d.ts'
[20:53:18.499] Adding entry into typings cache: 'repeat-string' => '/home/jsns/.cache/typescript/3.9/node_modules/@types/repeat-string/index.d.ts'
[20:53:18.500] Adding entry into typings cache: 'request' => '/home/jsns/.cache/typescript/3.9/node_modules/@types/request/index.d.ts'
[20:53:18.500] Adding entry into typings cache: 'request-promise-native' => '/home/jsns/.cache/typescript/3.9/node_modules/@types/request-promise-native/index.d.ts'
[20:53:18.501] Adding entry into typings cache: 'require-directory' => '/home/jsns/.cache/typescript/3.9/node_modules/@types/require-directory/index.d.ts'
[20:53:18.501] Adding entry into typings cache: 'requires-port' => '/home/jsns/.cache/typescript/3.9/node_modules/@types/requires-port/index.d.ts'
[20:53:18.502] Adding entry into typings cache: 'resolve' => '/home/jsns/.cache/typescript/3.9/node_modules/@types/resolve/index.d.ts'
[20:53:18.502] Adding entry into typings cache: 'retry' => '/home/jsns/.cache/typescript/3.9/node_modules/@types/retry/index.d.ts'
[20:53:18.503] Adding entry into typings cache: 'rimraf' => '/home/jsns/.cache/typescript/3.9/node_modules/@types/rimraf/index.d.ts'
[20:53:18.503] Adding entry into typings cache: 'ripemd160' => '/home/jsns/.cache/typescript/3.9/node_modules/@types/ripemd160/index.d.ts'
[20:53:18.504] Adding entry into typings cache: 'rsvp' => '/home/jsns/.cache/typescript/3.9/node_modules/@types/rsvp/index.d.ts'
[20:53:18.505] Adding entry into typings cache: 'safe-regex' => '/home/jsns/.cache/typescript/3.9/node_modules/@types/safe-regex/index.d.ts'
[20:53:18.505] Adding entry into typings cache: 'safer-buffer' => '/home/jsns/.cache/typescript/3.9/node_modules/@types/safer-buffer/index.d.ts'
[20:53:18.506] Adding entry into typings cache: 'sane' => '/home/jsns/.cache/typescript/3.9/node_modules/@types/sane/index.d.ts'
[20:53:18.506] Adding entry into typings cache: 'sass-loader' => '/home/jsns/.cache/typescript/3.9/node_modules/@types/sass-loader/index.d.ts'
[20:53:18.507] Adding entry into typings cache: 'sax' => '/home/jsns/.cache/typescript/3.9/node_modules/@types/sax/index.d.ts'
[20:53:18.507] Adding entry into typings cache: 'scheduler' => '/home/jsns/.cache/typescript/3.9/node_modules/@types/scheduler/index.d.ts'
[20:53:18.508] Adding entry into typings cache: 'semver' => '/home/jsns/.cache/typescript/3.9/node_modules/@types/semver/index.d.ts'
[20:53:18.508] Adding entry into typings cache: 'send' => '/home/jsns/.cache/typescript/3.9/node_modules/@types/send/index.d.ts'
[20:53:18.509] Adding entry into typings cache: 'serialize-javascript' => '/home/jsns/.cache/typescript/3.9/node_modules/@types/serialize-javascript/index.d.ts'
[20:53:18.509] Adding entry into typings cache: 'serve-index' => '/home/jsns/.cache/typescript/3.9/node_modules/@types/serve-index/index.d.ts'
[20:53:18.510] Adding entry into typings cache: 'serve-static' => '/home/jsns/.cache/typescript/3.9/node_modules/@types/serve-static/index.d.ts'
[20:53:18.511] Adding entry into typings cache: 'set-value' => '/home/jsns/.cache/typescript/3.9/node_modules/@types/set-value/index.d.ts'
[20:53:18.511] Adding entry into typings cache: 'setimmediate' => '/home/jsns/.cache/typescript/3.9/node_modules/@types/setimmediate/ts3.1/index.d.ts'
[20:53:18.512] Adding entry into typings cache: 'sha.js' => '/home/jsns/.cache/typescript/3.9/node_modules/@types/sha.js/index.d.ts'
[20:53:18.512] Adding entry into typings cache: 'shebang-command' => '/home/jsns/.cache/typescript/3.9/node_modules/@types/shebang-command/index.d.ts'
[20:53:18.513] Adding entry into typings cache: 'shell-quote' => '/home/jsns/.cache/typescript/3.9/node_modules/@types/shell-quote/index.d.ts'
[20:53:18.513] Adding entry into typings cache: 'signal-exit' => '/home/jsns/.cache/typescript/3.9/node_modules/@types/signal-exit/index.d.ts'
[20:53:18.514] Adding entry into typings cache: 'slice-ansi' => '/home/jsns/.cache/typescript/3.9/node_modules/@types/slice-ansi/index.d.ts'
[20:53:18.514] Adding entry into typings cache: 'sockjs' => '/home/jsns/.cache/typescript/3.9/node_modules/@types/sockjs/index.d.ts'
[20:53:18.515] Adding entry into typings cache: 'sockjs-client' => '/home/jsns/.cache/typescript/3.9/node_modules/@types/sockjs-client/index.d.ts'
[20:53:18.515] Adding entry into typings cache: 'source-list-map' => '/home/jsns/.cache/typescript/3.9/node_modules/@types/source-list-map/index.d.ts'
[20:53:18.516] Adding entry into typings cache: 'source-map-support' => '/home/jsns/.cache/typescript/3.9/node_modules/@types/source-map-support/index.d.ts'
[20:53:18.516] Adding entry into typings cache: 'spdx-correct' => '/home/jsns/.cache/typescript/3.9/node_modules/@types/spdx-correct/index.d.ts'
[20:53:18.517] Adding entry into typings cache: 'spdy' => '/home/jsns/.cache/typescript/3.9/node_modules/@types/spdy/index.d.ts'
[20:53:18.517] Adding entry into typings cache: 'sprintf' => '/home/jsns/.cache/typescript/3.9/node_modules/@types/sprintf/index.d.ts'
[20:53:18.518] Adding entry into typings cache: 'sprintf-js' => '/home/jsns/.cache/typescript/3.9/node_modules/@types/sprintf-js/index.d.ts'
[20:53:18.518] Adding entry into typings cache: 'sshpk' => '/home/jsns/.cache/typescript/3.9/node_modules/@types/sshpk/index.d.ts'
[20:53:18.519] Adding entry into typings cache: 'ssri' => '/home/jsns/.cache/typescript/3.9/node_modules/@types/ssri/index.d.ts'
[20:53:18.519] Adding entry into typings cache: 'stack-utils' => '/home/jsns/.cache/typescript/3.9/node_modules/@types/stack-utils/index.d.ts'
[20:53:18.520] Adding entry into typings cache: 'statuses' => '/home/jsns/.cache/typescript/3.9/node_modules/@types/statuses/index.d.ts'
[20:53:18.520] Adding entry into typings cache: 'stream-each' => '/home/jsns/.cache/typescript/3.9/node_modules/@types/stream-each/index.d.ts'
[20:53:18.521] Adding entry into typings cache: 'stream-shift' => '/home/jsns/.cache/typescript/3.9/node_modules/@types/stream-shift/index.d.ts'
[20:53:18.521] Adding entry into typings cache: 'strict-uri-encode' => '/home/jsns/.cache/typescript/3.9/node_modules/@types/strict-uri-encode/index.d.ts'
[20:53:18.522] Adding entry into typings cache: 'stringify-object' => '/home/jsns/.cache/typescript/3.9/node_modules/@types/stringify-object/index.d.ts'
[20:53:18.524] Adding entry into typings cache: 'supports-color' => '/home/jsns/.cache/typescript/3.9/node_modules/@types/supports-color/index.d.ts'
[20:53:18.525] Adding entry into typings cache: 'svg-parser' => '/home/jsns/.cache/typescript/3.9/node_modules/@types/svg-parser/index.d.ts'
[20:53:18.525] Adding entry into typings cache: 'svgo' => '/home/jsns/.cache/typescript/3.9/node_modules/@types/svgo/index.d.ts'
[20:53:18.526] Adding entry into typings cache: 'symbol-tree' => '/home/jsns/.cache/typescript/3.9/node_modules/@types/symbol-tree/index.d.ts'
[20:53:18.526] Adding entry into typings cache: 'table' => '/home/jsns/.cache/typescript/3.9/node_modules/@types/table/index.d.ts'
[20:53:18.527] Adding entry into typings cache: 'tapable' => '/home/jsns/.cache/typescript/3.9/node_modules/@types/tapable/index.d.ts'
[20:53:18.527] Adding entry into typings cache: 'terser-webpack-plugin' => '/home/jsns/.cache/typescript/3.9/node_modules/@types/terser-webpack-plugin/index.d.ts'
[20:53:18.528] Adding entry into typings cache: 'testing-library__jest-dom' => '/home/jsns/.cache/typescript/3.9/node_modules/@types/testing-library__jest-dom/index.d.ts'
[20:53:18.528] Adding entry into typings cache: 'testing-library__react' => '/home/jsns/.cache/typescript/3.9/node_modules/@types/testing-library__react/index.d.ts'
[20:53:18.529] Adding entry into typings cache: 'testing-library__user-event' => '/home/jsns/.cache/typescript/3.9/node_modules/@types/testing-library__user-event/index.d.ts'
[20:53:18.529] Adding entry into typings cache: 'text-table' => '/home/jsns/.cache/typescript/3.9/node_modules/@types/text-table/index.d.ts'
[20:53:18.530] Adding entry into typings cache: 'through' => '/home/jsns/.cache/typescript/3.9/node_modules/@types/through/index.d.ts'
[20:53:18.530] Adding entry into typings cache: 'through2' => '/home/jsns/.cache/typescript/3.9/node_modules/@types/through2/index.d.ts'
[20:53:18.531] Adding entry into typings cache: 'timsort' => '/home/jsns/.cache/typescript/3.9/node_modules/@types/timsort/index.d.ts'
[20:53:18.531] Adding entry into typings cache: 'tmp' => '/home/jsns/.cache/typescript/3.9/node_modules/@types/tmp/index.d.ts'
[20:53:18.533] Adding entry into typings cache: 'tough-cookie' => '/home/jsns/.cache/typescript/3.9/node_modules/@types/tough-cookie/index.d.ts'
[20:53:18.533] Adding entry into typings cache: 'type-check' => '/home/jsns/.cache/typescript/3.9/node_modules/@types/type-check/index.d.ts'
[20:53:18.534] Adding entry into typings cache: 'type-is' => '/home/jsns/.cache/typescript/3.9/node_modules/@types/type-is/index.d.ts'
[20:53:18.534] Adding entry into typings cache: 'uniq' => '/home/jsns/.cache/typescript/3.9/node_modules/@types/uniq/index.d.ts'
[20:53:18.535] Adding entry into typings cache: 'universalify' => '/home/jsns/.cache/typescript/3.9/node_modules/@types/universalify/index.d.ts'
[20:53:18.536] Adding entry into typings cache: 'urix' => '/home/jsns/.cache/typescript/3.9/node_modules/@types/urix/index.d.ts'
[20:53:18.536] Adding entry into typings cache: 'url-parse' => '/home/jsns/.cache/typescript/3.9/node_modules/@types/url-parse/index.d.ts'
[20:53:18.537] Adding entry into typings cache: 'util-deprecate' => '/home/jsns/.cache/typescript/3.9/node_modules/@types/util-deprecate/index.d.ts'
[20:53:18.541] Adding entry into typings cache: 'util.promisify' => '/home/jsns/.cache/typescript/3.9/node_modules/@types/util.promisify/index.d.ts'
[20:53:18.542] Adding entry into typings cache: 'utils-merge' => '/home/jsns/.cache/typescript/3.9/node_modules/@types/utils-merge/index.d.ts'
[20:53:18.542] Adding entry into typings cache: 'uuid' => '/home/jsns/.cache/typescript/3.9/node_modules/@types/uuid/index.d.ts'
[20:53:18.543] Adding entry into typings cache: 'vary' => '/home/jsns/.cache/typescript/3.9/node_modules/@types/vary/index.d.ts'
[20:53:18.546] Adding entry into typings cache: 'verror' => '/home/jsns/.cache/typescript/3.9/node_modules/@types/verror/index.d.ts'
[20:53:18.547] Adding entry into typings cache: 'w3c-xmlserializer' => '/home/jsns/.cache/typescript/3.9/node_modules/@types/w3c-xmlserializer/index.d.ts'
[20:53:18.548] Adding entry into typings cache: 'watchpack' => '/home/jsns/.cache/typescript/3.9/node_modules/@types/watchpack/index.d.ts'
[20:53:18.548] Adding entry into typings cache: 'webidl-conversions' => '/home/jsns/.cache/typescript/3.9/node_modules/@types/webidl-conversions/index.d.ts'
[20:53:18.550] Adding entry into typings cache: 'webpack' => '/home/jsns/.cache/typescript/3.9/node_modules/@types/webpack/index.d.ts'
[20:53:18.552] Adding entry into typings cache: 'webpack-dev-middleware' => '/home/jsns/.cache/typescript/3.9/node_modules/@types/webpack-dev-middleware/index.d.ts'
[20:53:18.553] Adding entry into typings cache: 'webpack-dev-server' => '/home/jsns/.cache/typescript/3.9/node_modules/@types/webpack-dev-server/index.d.ts'
[20:53:18.554] Adding entry into typings cache: 'webpack-manifest-plugin' => '/home/jsns/.cache/typescript/3.9/node_modules/@types/webpack-manifest-plugin/index.d.ts'
[20:53:18.555] Adding entry into typings cache: 'webpack-sources' => '/home/jsns/.cache/typescript/3.9/node_modules/@types/webpack-sources/index.d.ts'
[20:53:18.555] Adding entry into typings cache: 'whatwg-encoding' => '/home/jsns/.cache/typescript/3.9/node_modules/@types/whatwg-encoding/index.d.ts'
[20:53:18.556] Adding entry into typings cache: 'whatwg-mimetype' => '/home/jsns/.cache/typescript/3.9/node_modules/@types/whatwg-mimetype/index.d.ts'
[20:53:18.556] Adding entry into typings cache: 'whatwg-url' => '/home/jsns/.cache/typescript/3.9/node_modules/@types/whatwg-url/index.d.ts'
[20:53:18.557] Adding entry into typings cache: 'which' => '/home/jsns/.cache/typescript/3.9/node_modules/@types/which/index.d.ts'
[20:53:18.557] Adding entry into typings cache: 'workbox-background-sync' => '/home/jsns/.cache/typescript/3.9/node_modules/@types/workbox-background-sync/index.d.ts'
[20:53:18.558] Adding entry into typings cache: 'workbox-broadcast-update' => '/home/jsns/.cache/typescript/3.9/node_modules/@types/workbox-broadcast-update/index.d.ts'
[20:53:18.558] Adding entry into typings cache: 'workbox-build' => '/home/jsns/.cache/typescript/3.9/node_modules/@types/workbox-build/index.d.ts'
[20:53:18.559] Adding entry into typings cache: 'workbox-cacheable-response' => '/home/jsns/.cache/typescript/3.9/node_modules/@types/workbox-cacheable-response/index.d.ts'
[20:53:18.559] Adding entry into typings cache: 'workbox-core' => '/home/jsns/.cache/typescript/3.9/node_modules/@types/workbox-core/index.d.ts'
[20:53:18.560] Adding entry into typings cache: 'workbox-expiration' => '/home/jsns/.cache/typescript/3.9/node_modules/@types/workbox-expiration/index.d.ts'
[20:53:18.562] Adding entry into typings cache: 'workbox-google-analytics' => '/home/jsns/.cache/typescript/3.9/node_modules/@types/workbox-google-analytics/index.d.ts'
[20:53:18.563] Adding entry into typings cache: 'workbox-navigation-preload' => '/home/jsns/.cache/typescript/3.9/node_modules/@types/workbox-navigation-preload/index.d.ts'
[20:53:18.563] Adding entry into typings cache: 'workbox-precaching' => '/home/jsns/.cache/typescript/3.9/node_modules/@types/workbox-precaching/index.d.ts'
[20:53:18.564] Adding entry into typings cache: 'workbox-range-requests' => '/home/jsns/.cache/typescript/3.9/node_modules/@types/workbox-range-requests/index.d.ts'
[20:53:18.564] Adding entry into typings cache: 'workbox-routing' => '/home/jsns/.cache/typescript/3.9/node_modules/@types/workbox-routing/index.d.ts'
[20:53:18.565] Adding entry into typings cache: 'workbox-strategies' => '/home/jsns/.cache/typescript/3.9/node_modules/@types/workbox-strategies/index.d.ts'
[20:53:18.565] Adding entry into typings cache: 'workbox-streams' => '/home/jsns/.cache/typescript/3.9/node_modules/@types/workbox-streams/index.d.ts'
[20:53:18.566] Adding entry into typings cache: 'workbox-sw' => '/home/jsns/.cache/typescript/3.9/node_modules/@types/workbox-sw/index.d.ts'
[20:53:18.566] Adding entry into typings cache: 'workbox-webpack-plugin' => '/home/jsns/.cache/typescript/3.9/node_modules/@types/workbox-webpack-plugin/index.d.ts'
[20:53:18.567] Adding entry into typings cache: 'workbox-window' => '/home/jsns/.cache/typescript/3.9/node_modules/@types/workbox-window/index.d.ts'
[20:53:18.567] Adding entry into typings cache: 'wrap-ansi' => '/home/jsns/.cache/typescript/3.9/node_modules/@types/wrap-ansi/index.d.ts'
[20:53:18.567] Adding entry into typings cache: 'write' => '/home/jsns/.cache/typescript/3.9/node_modules/@types/write/index.d.ts'
[20:53:18.569] Adding entry into typings cache: 'write-file-atomic' => '/home/jsns/.cache/typescript/3.9/node_modules/@types/write-file-atomic/index.d.ts'
[20:53:18.570] Adding entry into typings cache: 'ws' => '/home/jsns/.cache/typescript/3.9/node_modules/@types/ws/index.d.ts'
[20:53:18.571] Adding entry into typings cache: 'xregexp' => '/home/jsns/.cache/typescript/3.9/node_modules/@types/xregexp/index.d.ts'
[20:53:18.571] Adding entry into typings cache: 'xtend' => '/home/jsns/.cache/typescript/3.9/node_modules/@types/xtend/index.d.ts'
[20:53:18.572] Adding entry into typings cache: 'y18n' => '/home/jsns/.cache/typescript/3.9/node_modules/@types/y18n/index.d.ts'
[20:53:18.572] Adding entry into typings cache: 'yallist' => '/home/jsns/.cache/typescript/3.9/node_modules/@types/yallist/index.d.ts'
[20:53:18.573] Adding entry into typings cache: 'yargs' => '/home/jsns/.cache/typescript/3.9/node_modules/@types/yargs/index.d.ts'
[20:53:18.573] Adding entry into typings cache: 'yargs-parser' => '/home/jsns/.cache/typescript/3.9/node_modules/@types/yargs-parser/index.d.ts'
[20:53:18.573] Finished processing cache location '/home/jsns/.cache/typescript/3.9'
[20:53:18.574] Process id: 4485
[20:53:18.574] NPM location: /usr/local/bin/npm (explicit '--npmLocation' not  provided)
[20:53:18.574] validateDefaultNpmLocation: false
[20:53:18.574] Npm config file: /home/jsns/.cache/typescript/3.9/package.json
[20:53:18.574] Updating types-registry npm package...
[20:53:18.574] Exec: /usr/local/bin/npm install --ignore-scripts types-registry@latest
[20:53:22.927]     Succeeded. stdout:
    + types-registry@0.1.495
    updated 1 package and audited 676 packages in 3.548s

5 packages are looking for funding
  run `npm fund` for details

found 0 vulnerabilities


[20:53:22.927] Updated types-registry npm package
[20:53:22.948] Got install request {"projectName":"/dev/null/inferredProject1*","fileNames":["/usr/local/lib/node_modules/typescript/lib/lib.d.ts","/usr/local/lib/node_modules/typescript/lib/lib.es5.d.ts","/usr/local/lib/node_modules/typescript/lib/lib.dom.d.ts","/usr/local/lib/node_modules/typescript/lib/lib.webworker.importscripts.d.ts","/usr/local/lib/node_modules/typescript/lib/lib.scripthost.d.ts","/home/jsns/prjcts/hooks/src/components/WebMapView.jsx","/home/jsns/prjcts/hooks/src/components/CardComponent.jsx","/home/jsns/prjcts/hooks/src/components/Person.jsx","/home/jsns/prjcts/hooks/src/components/PersonList.jsx","/home/jsns/prjcts/hooks/src/App.jsx"],"compilerOptions":{"target":1,"jsx":1,"allowNonTsExtensions":true,"allowJs":true,"noEmitForJsFiles":true,"maxNodeModuleJsDepth":2},"typeAcquisition":{"enable":true,"include":[],"exclude":[]},"unresolvedImports":[],"projectRootPath":"/home/jsns/prjcts/hooks/src","kind":"discover"}
[20:53:22.955] Loaded safelist from types map file '/usr/local/lib/node_modules/typescript/lib/typesMap.json'
[20:53:22.955] Explicitly included types: []
[20:53:22.956] Inferred 'react' typings due to presence of '.jsx' extension
[20:53:22.956] Inferred typings from unresolved imports: []
[20:53:22.957] Result: {"cachedTypingPaths":["/home/jsns/.cache/typescript/3.9/node_modules/@types/react/index.d.ts"],"newTypingNames":[],"filesToWatch":["/home/jsns/prjcts/hooks/src/components/bower_components","/home/jsns/prjcts/hooks/src/components/node_modules","/home/jsns/prjcts/hooks/src/bower_components","/home/jsns/prjcts/hooks/src/node_modules"]}
[20:53:22.957] Finished typings discovery: {"cachedTypingPaths":["/home/jsns/.cache/typescript/3.9/node_modules/@types/react/index.d.ts"],"newTypingNames":[],"filesToWatch":["/home/jsns/prjcts/hooks/src/components/bower_components","/home/jsns/prjcts/hooks/src/components/node_modules","/home/jsns/prjcts/hooks/src/bower_components","/home/jsns/prjcts/hooks/src/node_modules"]}
[20:53:22.957] DirectoryWatcher:: Added:: WatchInfo: /home/jsns/prjcts/hooks/src/components
[20:53:22.959] DirectoryWatcher:: Added:: WatchInfo: /home/jsns/prjcts/hooks/src/bower_components
[20:53:22.960] DirectoryWatcher:: Added:: WatchInfo: /home/jsns/prjcts/hooks/src/node_modules
[20:53:22.960] Sending response:
    {"projectName":"/dev/null/inferredProject1*","typeAcquisition":{"enable":true,"include":[],"exclude":[]},"compilerOptions":{"target":1,"jsx":1,"allowNonTsExtensions":true,"allowJs":true,"noEmitForJsFiles":true,"maxNodeModuleJsDepth":2},"typings":["/home/jsns/.cache/typescript/3.9/node_modules/@types/react/index.d.ts"],"unresolvedImports":[],"kind":"action::set"}
[20:53:22.960] Response has been sent.
[20:53:22.960] No new typings were requested as a result of typings discovery
[20:53:23.639] Got install request {"projectName":"/dev/null/inferredProject1*","fileNames":["/usr/local/lib/node_modules/typescript/lib/lib.d.ts","/usr/local/lib/node_modules/typescript/lib/lib.es5.d.ts","/usr/local/lib/node_modules/typescript/lib/lib.dom.d.ts","/usr/local/lib/node_modules/typescript/lib/lib.webworker.importscripts.d.ts","/usr/local/lib/node_modules/typescript/lib/lib.scripthost.d.ts","/home/jsns/prjcts/hooks/src/components/WebMapView.jsx","/home/jsns/prjcts/hooks/src/components/CardComponent.jsx","/home/jsns/prjcts/hooks/src/components/Person.jsx","/home/jsns/prjcts/hooks/src/components/PersonList.jsx","/home/jsns/prjcts/hooks/src/App.jsx","/home/jsns/.cache/typescript/3.9/node_modules/@types/react/global.d.ts","/home/jsns/.cache/typescript/3.9/node_modules/@types/react/index.d.ts"],"compilerOptions":{"target":1,"jsx":1,"allowNonTsExtensions":true,"allowJs":true,"noEmitForJsFiles":true,"maxNodeModuleJsDepth":2},"typeAcquisition":{"enable":true,"include":[],"exclude":[]},"unresolvedImports":[],"projectRootPath":"/home/jsns/prjcts/hooks/src","kind":"discover"}
[20:53:23.639] Explicitly included types: []
[20:53:23.640] Inferred 'react' typings due to presence of '.jsx' extension
[20:53:23.640] Inferred typings from unresolved imports: []
[20:53:23.640] Result: {"cachedTypingPaths":["/home/jsns/.cache/typescript/3.9/node_modules/@types/react/index.d.ts"],"newTypingNames":[],"filesToWatch":["/home/jsns/prjcts/hooks/src/components/bower_components","/home/jsns/prjcts/hooks/src/components/node_modules","/home/jsns/prjcts/hooks/src/bower_components","/home/jsns/prjcts/hooks/src/node_modules"]}
[20:53:23.640] Finished typings discovery: {"cachedTypingPaths":["/home/jsns/.cache/typescript/3.9/node_modules/@types/react/index.d.ts"],"newTypingNames":[],"filesToWatch":["/home/jsns/prjcts/hooks/src/components/bower_components","/home/jsns/prjcts/hooks/src/components/node_modules","/home/jsns/prjcts/hooks/src/bower_components","/home/jsns/prjcts/hooks/src/node_modules"]}
[20:53:23.641] Sending response:
    {"projectName":"/dev/null/inferredProject1*","typeAcquisition":{"enable":true,"include":[],"exclude":[]},"compilerOptions":{"target":1,"jsx":1,"allowNonTsExtensions":true,"allowJs":true,"noEmitForJsFiles":true,"maxNodeModuleJsDepth":2},"typings":["/home/jsns/.cache/typescript/3.9/node_modules/@types/react/index.d.ts"],"unresolvedImports":[],"kind":"action::set"}
[20:53:23.641] Response has been sent.
[20:53:23.641] No new typings were requested as a result of typings discovery
[20:54:29.126] Got install request {"projectName":"/dev/null/inferredProject2*","fileNames":["/usr/local/lib/node_modules/typescript/lib/lib.d.ts","/usr/local/lib/node_modules/typescript/lib/lib.es5.d.ts","/usr/local/lib/node_modules/typescript/lib/lib.dom.d.ts","/usr/local/lib/node_modules/typescript/lib/lib.webworker.importscripts.d.ts","/usr/local/lib/node_modules/typescript/lib/lib.scripthost.d.ts","/home/jsns/prjcts/hooks/src/components/CardComponent.jsx"],"compilerOptions":{"target":1,"jsx":1,"allowNonTsExtensions":true,"allowJs":true,"noEmitForJsFiles":true,"maxNodeModuleJsDepth":2},"typeAcquisition":{"enable":true,"include":[],"exclude":[]},"unresolvedImports":[],"projectRootPath":"/home/jsns/prjcts/hooks/src/components","kind":"discover"}
[20:54:29.126] Explicitly included types: []
[20:54:29.126] Inferred 'react' typings due to presence of '.jsx' extension
[20:54:29.126] Inferred typings from unresolved imports: []
[20:54:29.127] Result: {"cachedTypingPaths":["/home/jsns/.cache/typescript/3.9/node_modules/@types/react/index.d.ts"],"newTypingNames":[],"filesToWatch":["/home/jsns/prjcts/hooks/src/components/bower_components","/home/jsns/prjcts/hooks/src/components/node_modules"]}
[20:54:29.127] Finished typings discovery: {"cachedTypingPaths":["/home/jsns/.cache/typescript/3.9/node_modules/@types/react/index.d.ts"],"newTypingNames":[],"filesToWatch":["/home/jsns/prjcts/hooks/src/components/bower_components","/home/jsns/prjcts/hooks/src/components/node_modules"]}
[20:54:29.127] DirectoryWatcher:: Added:: WatchInfo: /home/jsns/prjcts/hooks/src/components/bower_components
[20:54:29.127] DirectoryWatcher:: Added:: WatchInfo: /home/jsns/prjcts/hooks/src/components/node_modules
[20:54:29.128] Sending response:
    {"projectName":"/dev/null/inferredProject2*","typeAcquisition":{"enable":true,"include":[],"exclude":[]},"compilerOptions":{"target":1,"jsx":1,"allowNonTsExtensions":true,"allowJs":true,"noEmitForJsFiles":true,"maxNodeModuleJsDepth":2},"typings":["/home/jsns/.cache/typescript/3.9/node_modules/@types/react/index.d.ts"],"unresolvedImports":[],"kind":"action::set"}
[20:54:29.128] Response has been sent.
[20:54:29.128] No new typings were requested as a result of typings discovery
[20:54:29.403] Got install request {"projectName":"/dev/null/inferredProject2*","fileNames":["/usr/local/lib/node_modules/typescript/lib/lib.d.ts","/usr/local/lib/node_modules/typescript/lib/lib.es5.d.ts","/usr/local/lib/node_modules/typescript/lib/lib.dom.d.ts","/usr/local/lib/node_modules/typescript/lib/lib.webworker.importscripts.d.ts","/usr/local/lib/node_modules/typescript/lib/lib.scripthost.d.ts","/home/jsns/prjcts/hooks/src/components/CardComponent.jsx","/home/jsns/.cache/typescript/3.9/node_modules/@types/react/global.d.ts","/home/jsns/.cache/typescript/3.9/node_modules/@types/react/index.d.ts"],"compilerOptions":{"target":1,"jsx":1,"allowNonTsExtensions":true,"allowJs":true,"noEmitForJsFiles":true,"maxNodeModuleJsDepth":2},"typeAcquisition":{"enable":true,"include":[],"exclude":[]},"unresolvedImports":[],"projectRootPath":"/home/jsns/prjcts/hooks/src/components","kind":"discover"}
[20:54:29.404] Explicitly included types: []
[20:54:29.404] Inferred 'react' typings due to presence of '.jsx' extension
[20:54:29.404] Inferred typings from unresolved imports: []
[20:54:29.404] Result: {"cachedTypingPaths":["/home/jsns/.cache/typescript/3.9/node_modules/@types/react/index.d.ts"],"newTypingNames":[],"filesToWatch":["/home/jsns/prjcts/hooks/src/components/bower_components","/home/jsns/prjcts/hooks/src/components/node_modules"]}
[20:54:29.405] Finished typings discovery: {"cachedTypingPaths":["/home/jsns/.cache/typescript/3.9/node_modules/@types/react/index.d.ts"],"newTypingNames":[],"filesToWatch":["/home/jsns/prjcts/hooks/src/components/bower_components","/home/jsns/prjcts/hooks/src/components/node_modules"]}
[20:54:29.405] Sending response:
    {"projectName":"/dev/null/inferredProject2*","typeAcquisition":{"enable":true,"include":[],"exclude":[]},"compilerOptions":{"target":1,"jsx":1,"allowNonTsExtensions":true,"allowJs":true,"noEmitForJsFiles":true,"maxNodeModuleJsDepth":2},"typings":["/home/jsns/.cache/typescript/3.9/node_modules/@types/react/index.d.ts"],"unresolvedImports":[],"kind":"action::set"}
[20:54:29.405] Response has been sent.
[20:54:29.405] No new typings were requested as a result of typings discovery
[20:54:33.163] Got install request {"projectName":"/dev/null/inferredProject1*","fileNames":["/usr/local/lib/node_modules/typescript/lib/lib.d.ts","/usr/local/lib/node_modules/typescript/lib/lib.es5.d.ts","/usr/local/lib/node_modules/typescript/lib/lib.dom.d.ts","/usr/local/lib/node_modules/typescript/lib/lib.webworker.importscripts.d.ts","/usr/local/lib/node_modules/typescript/lib/lib.scripthost.d.ts","/home/jsns/.cache/typescript/3.9/node_modules/@types/react/global.d.ts","/home/jsns/.cache/typescript/3.9/node_modules/@types/react/index.d.ts"],"compilerOptions":{"target":1,"jsx":1,"allowNonTsExtensions":true,"allowJs":true,"noEmitForJsFiles":true},"typeAcquisition":{"enable":true,"include":[],"exclude":[]},"unresolvedImports":[],"projectRootPath":"/home/jsns/prjcts/hooks/src","kind":"discover"}
[20:54:33.163] Explicitly included types: []
[20:54:33.163] Inferred typings from unresolved imports: []
[20:54:33.164] Result: {"cachedTypingPaths":[],"newTypingNames":[],"filesToWatch":["/home/jsns/prjcts/hooks/src/bower_components","/home/jsns/prjcts/hooks/src/node_modules"]}
[20:54:33.164] Finished typings discovery: {"cachedTypingPaths":[],"newTypingNames":[],"filesToWatch":["/home/jsns/prjcts/hooks/src/bower_components","/home/jsns/prjcts/hooks/src/node_modules"]}
[20:54:33.164] DirectoryWatcher:: Closed:: WatchInfo: /home/jsns/prjcts/hooks/src/components
[20:54:33.164] Sending response:
    {"projectName":"/dev/null/inferredProject1*","typeAcquisition":{"enable":true,"include":[],"exclude":[]},"compilerOptions":{"target":1,"jsx":1,"allowNonTsExtensions":true,"allowJs":true,"noEmitForJsFiles":true},"typings":[],"unresolvedImports":[],"kind":"action::set"}
[20:54:33.165] Response has been sent.
[20:54:33.165] No new typings were requested as a result of typings discovery
[20:54:33.262] Got install request {"projectName":"/dev/null/inferredProject2*","fileNames":["/usr/local/lib/node_modules/typescript/lib/lib.d.ts","/usr/local/lib/node_modules/typescript/lib/lib.es5.d.ts","/usr/local/lib/node_modules/typescript/lib/lib.dom.d.ts","/usr/local/lib/node_modules/typescript/lib/lib.webworker.importscripts.d.ts","/usr/local/lib/node_modules/typescript/lib/lib.scripthost.d.ts","/home/jsns/.cache/typescript/3.9/node_modules/@types/react/global.d.ts","/home/jsns/.cache/typescript/3.9/node_modules/@types/react/index.d.ts"],"compilerOptions":{"target":1,"jsx":1,"allowNonTsExtensions":true,"allowJs":true,"noEmitForJsFiles":true},"typeAcquisition":{"enable":true,"include":[],"exclude":[]},"unresolvedImports":[],"projectRootPath":"/home/jsns/prjcts/hooks/src/components","kind":"discover"}
[20:54:33.262] Explicitly included types: []
[20:54:33.263] Inferred typings from unresolved imports: []
[20:54:33.263] Result: {"cachedTypingPaths":[],"newTypingNames":[],"filesToWatch":["/home/jsns/prjcts/hooks/src/components/bower_components","/home/jsns/prjcts/hooks/src/components/node_modules"]}
[20:54:33.263] Finished typings discovery: {"cachedTypingPaths":[],"newTypingNames":[],"filesToWatch":["/home/jsns/prjcts/hooks/src/components/bower_components","/home/jsns/prjcts/hooks/src/components/node_modules"]}
[20:54:33.263] Sending response:
    {"projectName":"/dev/null/inferredProject2*","typeAcquisition":{"enable":true,"include":[],"exclude":[]},"compilerOptions":{"target":1,"jsx":1,"allowNonTsExtensions":true,"allowJs":true,"noEmitForJsFiles":true},"typings":[],"unresolvedImports":[],"kind":"action::set"}
[20:54:33.264] Response has been sent.
[20:54:33.264] No new typings were requested as a result of typings discovery
[20:54:33.537] Got install request {"projectName":"/dev/null/inferredProject1*","fileNames":[],"compilerOptions":{"target":1,"jsx":1,"allowNonTsExtensions":true,"allowJs":true,"noEmitForJsFiles":true},"typeAcquisition":{"enable":true,"include":[],"exclude":[]},"unresolvedImports":[],"projectRootPath":"/home/jsns/prjcts/hooks/src","kind":"discover"}
[20:54:33.538] Explicitly included types: []
[20:54:33.538] Inferred typings from unresolved imports: []
[20:54:33.538] Result: {"cachedTypingPaths":[],"newTypingNames":[],"filesToWatch":["/home/jsns/prjcts/hooks/src/bower_components","/home/jsns/prjcts/hooks/src/node_modules"]}
[20:54:33.538] Finished typings discovery: {"cachedTypingPaths":[],"newTypingNames":[],"filesToWatch":["/home/jsns/prjcts/hooks/src/bower_components","/home/jsns/prjcts/hooks/src/node_modules"]}
[20:54:33.539] Sending response:
    {"projectName":"/dev/null/inferredProject1*","typeAcquisition":{"enable":true,"include":[],"exclude":[]},"compilerOptions":{"target":1,"jsx":1,"allowNonTsExtensions":true,"allowJs":true,"noEmitForJsFiles":true},"typings":[],"unresolvedImports":[],"kind":"action::set"}
[20:54:33.539] Response has been sent.
[20:54:33.539] No new typings were requested as a result of typings discovery
